Start testing: Jan 21 13:50 UTC
----------------------------------------------------------
1/88 Testing: malloc_1.Sanity
1/88 Test: malloc_1.Sanity
Command: "/home/student/Desktop/OS/HW4/tests/os_hw4_tests (1)/build/tests/malloc_1_test" "Sanity"
Directory: /home/student/Desktop/OS/HW4/tests/os_hw4_tests (1)/build/tests
"malloc_1.Sanity" start time: Jan 21 13:50 UTC
Output:
----------------------------------------------------------
Filters: Sanity
Randomness seeded to: 4052391294
===============================================================================
All tests passed (2 assertions in 1 test case)

<end of output>
Test time =   0.01 sec
----------------------------------------------------------
Test Passed.
"malloc_1.Sanity" end time: Jan 21 13:50 UTC
"malloc_1.Sanity" time elapsed: 00:00:00
----------------------------------------------------------

2/88 Testing: malloc_1.Check size
2/88 Test: malloc_1.Check size
Command: "/home/student/Desktop/OS/HW4/tests/os_hw4_tests (1)/build/tests/malloc_1_test" "Check size"
Directory: /home/student/Desktop/OS/HW4/tests/os_hw4_tests (1)/build/tests
"malloc_1.Check size" start time: Jan 21 13:50 UTC
Output:
----------------------------------------------------------
Filters: Check size
Randomness seeded to: 2515912538
===============================================================================
All tests passed (6 assertions in 1 test case)

<end of output>
Test time =   0.01 sec
----------------------------------------------------------
Test Passed.
"malloc_1.Check size" end time: Jan 21 13:50 UTC
"malloc_1.Check size" time elapsed: 00:00:00
----------------------------------------------------------

3/88 Testing: malloc_1.0 size
3/88 Test: malloc_1.0 size
Command: "/home/student/Desktop/OS/HW4/tests/os_hw4_tests (1)/build/tests/malloc_1_test" "0 size"
Directory: /home/student/Desktop/OS/HW4/tests/os_hw4_tests (1)/build/tests
"malloc_1.0 size" start time: Jan 21 13:50 UTC
Output:
----------------------------------------------------------
Filters: 0 size
Randomness seeded to: 2654285310
===============================================================================
All tests passed (2 assertions in 1 test case)

<end of output>
Test time =   0.01 sec
----------------------------------------------------------
Test Passed.
"malloc_1.0 size" end time: Jan 21 13:50 UTC
"malloc_1.0 size" time elapsed: 00:00:00
----------------------------------------------------------

4/88 Testing: malloc_1.Max size
4/88 Test: malloc_1.Max size
Command: "/home/student/Desktop/OS/HW4/tests/os_hw4_tests (1)/build/tests/malloc_1_test" "Max size"
Directory: /home/student/Desktop/OS/HW4/tests/os_hw4_tests (1)/build/tests
"malloc_1.Max size" start time: Jan 21 13:50 UTC
Output:
----------------------------------------------------------
Filters: Max size
Randomness seeded to: 3138991499
===============================================================================
All tests passed (4 assertions in 1 test case)

<end of output>
Test time =   0.01 sec
----------------------------------------------------------
Test Passed.
"malloc_1.Max size" end time: Jan 21 13:50 UTC
"malloc_1.Max size" time elapsed: 00:00:00
----------------------------------------------------------

5/88 Testing: malloc_2.Sanity
5/88 Test: malloc_2.Sanity
Command: "/home/student/Desktop/OS/HW4/tests/os_hw4_tests (1)/build/tests/malloc_2_test" "Sanity"
Directory: /home/student/Desktop/OS/HW4/tests/os_hw4_tests (1)/build/tests
"malloc_2.Sanity" start time: Jan 21 13:50 UTC
Output:
----------------------------------------------------------
Filters: Sanity
Randomness seeded to: 1257088942
===============================================================================
All tests passed (19 assertions in 1 test case)

<end of output>
Test time =   0.14 sec
----------------------------------------------------------
Test Passed.
"malloc_2.Sanity" end time: Jan 21 13:50 UTC
"malloc_2.Sanity" time elapsed: 00:00:00
----------------------------------------------------------

6/88 Testing: malloc_2.Check size
6/88 Test: malloc_2.Check size
Command: "/home/student/Desktop/OS/HW4/tests/os_hw4_tests (1)/build/tests/malloc_2_test" "Check size"
Directory: /home/student/Desktop/OS/HW4/tests/os_hw4_tests (1)/build/tests
"malloc_2.Check size" start time: Jan 21 13:50 UTC
Output:
----------------------------------------------------------
Filters: Check size
Randomness seeded to: 2538403095
===============================================================================
All tests passed (33 assertions in 1 test case)

<end of output>
Test time =   0.01 sec
----------------------------------------------------------
Test Passed.
"malloc_2.Check size" end time: Jan 21 13:50 UTC
"malloc_2.Check size" time elapsed: 00:00:00
----------------------------------------------------------

7/88 Testing: malloc_2.0 size
7/88 Test: malloc_2.0 size
Command: "/home/student/Desktop/OS/HW4/tests/os_hw4_tests (1)/build/tests/malloc_2_test" "0 size"
Directory: /home/student/Desktop/OS/HW4/tests/os_hw4_tests (1)/build/tests
"malloc_2.0 size" start time: Jan 21 13:50 UTC
Output:
----------------------------------------------------------
Filters: 0 size
Randomness seeded to: 444490197
===============================================================================
All tests passed (13 assertions in 1 test case)

<end of output>
Test time =   0.00 sec
----------------------------------------------------------
Test Passed.
"malloc_2.0 size" end time: Jan 21 13:50 UTC
"malloc_2.0 size" time elapsed: 00:00:00
----------------------------------------------------------

8/88 Testing: malloc_2.Max size
8/88 Test: malloc_2.Max size
Command: "/home/student/Desktop/OS/HW4/tests/os_hw4_tests (1)/build/tests/malloc_2_test" "Max size"
Directory: /home/student/Desktop/OS/HW4/tests/os_hw4_tests (1)/build/tests
"malloc_2.Max size" start time: Jan 21 13:50 UTC
Output:
----------------------------------------------------------
Filters: Max size
Randomness seeded to: 2716187571
===============================================================================
All tests passed (27 assertions in 1 test case)

<end of output>
Test time =   0.01 sec
----------------------------------------------------------
Test Passed.
"malloc_2.Max size" end time: Jan 21 13:50 UTC
"malloc_2.Max size" time elapsed: 00:00:00
----------------------------------------------------------

9/88 Testing: malloc_2.free
9/88 Test: malloc_2.free
Command: "/home/student/Desktop/OS/HW4/tests/os_hw4_tests (1)/build/tests/malloc_2_test" "free"
Directory: /home/student/Desktop/OS/HW4/tests/os_hw4_tests (1)/build/tests
"malloc_2.free" start time: Jan 21 13:50 UTC
Output:
----------------------------------------------------------
Filters: free
Randomness seeded to: 1307888702

~~~~~~~~~~~~~~~~~~~~~~~~~~~~~~~~~~~~~~~~~~~~~~~~~~~~~~~~~~~~~~~~~~~~~~~~~~~~~~~
malloc_2_test is a Catch2 v3.0.1 host application.
Run with -? for options

-------------------------------------------------------------------------------
free
-------------------------------------------------------------------------------
/home/student/Desktop/OS/HW4/tests/os_hw4_tests (1)/tests/malloc_2_test.cpp:105
...............................................................................

/home/student/Desktop/OS/HW4/tests/os_hw4_tests (1)/tests/malloc_2_test.cpp:131: FAILED:
  REQUIRE( a == new_a )
with expansion:
  "" == "(tabs, newlines)0"

===============================================================================
test cases:  1 |  0 passed | 1 failed
assertions: 33 | 32 passed | 1 failed

<end of output>
Test time =   0.02 sec
----------------------------------------------------------
Test Failed.
"malloc_2.free" end time: Jan 21 13:50 UTC
"malloc_2.free" time elapsed: 00:00:00
----------------------------------------------------------

10/88 Testing: malloc_2.free 2
10/88 Test: malloc_2.free 2
Command: "/home/student/Desktop/OS/HW4/tests/os_hw4_tests (1)/build/tests/malloc_2_test" "free 2"
Directory: /home/student/Desktop/OS/HW4/tests/os_hw4_tests (1)/build/tests
"malloc_2.free 2" start time: Jan 21 13:50 UTC
Output:
----------------------------------------------------------
Filters: free 2
Randomness seeded to: 3999172145

~~~~~~~~~~~~~~~~~~~~~~~~~~~~~~~~~~~~~~~~~~~~~~~~~~~~~~~~~~~~~~~~~~~~~~~~~~~~~~~
malloc_2_test is a Catch2 v3.0.1 host application.
Run with -? for options

-------------------------------------------------------------------------------
free 2
-------------------------------------------------------------------------------
/home/student/Desktop/OS/HW4/tests/os_hw4_tests (1)/tests/malloc_2_test.cpp:151
...............................................................................

/home/student/Desktop/OS/HW4/tests/os_hw4_tests (1)/tests/malloc_2_test.cpp:177: FAILED:
  REQUIRE( a == new_a )
with expansion:
  "" == "(tabs, newlines)0"

===============================================================================
test cases:  1 |  0 passed | 1 failed
assertions: 33 | 32 passed | 1 failed

<end of output>
Test time =   0.01 sec
----------------------------------------------------------
Test Failed.
"malloc_2.free 2" end time: Jan 21 13:50 UTC
"malloc_2.free 2" time elapsed: 00:00:00
----------------------------------------------------------

11/88 Testing: malloc_2.free 3
11/88 Test: malloc_2.free 3
Command: "/home/student/Desktop/OS/HW4/tests/os_hw4_tests (1)/build/tests/malloc_2_test" "free 3"
Directory: /home/student/Desktop/OS/HW4/tests/os_hw4_tests (1)/build/tests
"malloc_2.free 3" start time: Jan 21 13:50 UTC
Output:
----------------------------------------------------------
Filters: free 3
Randomness seeded to: 2264657841

~~~~~~~~~~~~~~~~~~~~~~~~~~~~~~~~~~~~~~~~~~~~~~~~~~~~~~~~~~~~~~~~~~~~~~~~~~~~~~~
malloc_2_test is a Catch2 v3.0.1 host application.
Run with -? for options

-------------------------------------------------------------------------------
free 3
-------------------------------------------------------------------------------
/home/student/Desktop/OS/HW4/tests/os_hw4_tests (1)/tests/malloc_2_test.cpp:197
...............................................................................

/home/student/Desktop/OS/HW4/tests/os_hw4_tests (1)/tests/malloc_2_test.cpp:223: FAILED:
  REQUIRE( a == new_a )
with expansion:
  "" == "(tabs, newlines)0"

===============================================================================
test cases:  1 |  0 passed | 1 failed
assertions: 33 | 32 passed | 1 failed

<end of output>
Test time =   0.01 sec
----------------------------------------------------------
Test Failed.
"malloc_2.free 3" end time: Jan 21 13:50 UTC
"malloc_2.free 3" time elapsed: 00:00:00
----------------------------------------------------------

12/88 Testing: malloc_2.Reuse
12/88 Test: malloc_2.Reuse
Command: "/home/student/Desktop/OS/HW4/tests/os_hw4_tests (1)/build/tests/malloc_2_test" "Reuse"
Directory: /home/student/Desktop/OS/HW4/tests/os_hw4_tests (1)/build/tests
"malloc_2.Reuse" start time: Jan 21 13:50 UTC
Output:
----------------------------------------------------------
Filters: Reuse
Randomness seeded to: 1826076030

~~~~~~~~~~~~~~~~~~~~~~~~~~~~~~~~~~~~~~~~~~~~~~~~~~~~~~~~~~~~~~~~~~~~~~~~~~~~~~~
malloc_2_test is a Catch2 v3.0.1 host application.
Run with -? for options

-------------------------------------------------------------------------------
Reuse
-------------------------------------------------------------------------------
/home/student/Desktop/OS/HW4/tests/os_hw4_tests (1)/tests/malloc_2_test.cpp:243
...............................................................................

/home/student/Desktop/OS/HW4/tests/os_hw4_tests (1)/tests/malloc_2_test.cpp:260: FAILED:
  REQUIRE( b == a )
with expansion:
  "(tabs, newlines)0" == ""

===============================================================================
test cases:  1 |  0 passed | 1 failed
assertions: 20 | 19 passed | 1 failed

<end of output>
Test time =   0.01 sec
----------------------------------------------------------
Test Failed.
"malloc_2.Reuse" end time: Jan 21 13:50 UTC
"malloc_2.Reuse" time elapsed: 00:00:00
----------------------------------------------------------

13/88 Testing: malloc_2.Reuse two blocks
13/88 Test: malloc_2.Reuse two blocks
Command: "/home/student/Desktop/OS/HW4/tests/os_hw4_tests (1)/build/tests/malloc_2_test" "Reuse two blocks"
Directory: /home/student/Desktop/OS/HW4/tests/os_hw4_tests (1)/build/tests
"malloc_2.Reuse two blocks" start time: Jan 21 13:50 UTC
Output:
----------------------------------------------------------
Filters: Reuse two blocks
Randomness seeded to: 558476075

~~~~~~~~~~~~~~~~~~~~~~~~~~~~~~~~~~~~~~~~~~~~~~~~~~~~~~~~~~~~~~~~~~~~~~~~~~~~~~~
malloc_2_test is a Catch2 v3.0.1 host application.
Run with -? for options

-------------------------------------------------------------------------------
Reuse two blocks
-------------------------------------------------------------------------------
/home/student/Desktop/OS/HW4/tests/os_hw4_tests (1)/tests/malloc_2_test.cpp:270
...............................................................................

/home/student/Desktop/OS/HW4/tests/os_hw4_tests (1)/tests/malloc_2_test.cpp:294: FAILED:
  REQUIRE( c == a )
with expansion:
  "" == ""

===============================================================================
test cases:  1 |  0 passed | 1 failed
assertions: 28 | 27 passed | 1 failed

<end of output>
Test time =   0.00 sec
----------------------------------------------------------
Test Failed.
"malloc_2.Reuse two blocks" end time: Jan 21 13:50 UTC
"malloc_2.Reuse two blocks" time elapsed: 00:00:00
----------------------------------------------------------

14/88 Testing: malloc_2.Reuse two blocks reverse
14/88 Test: malloc_2.Reuse two blocks reverse
Command: "/home/student/Desktop/OS/HW4/tests/os_hw4_tests (1)/build/tests/malloc_2_test" "Reuse two blocks reverse"
Directory: /home/student/Desktop/OS/HW4/tests/os_hw4_tests (1)/build/tests
"malloc_2.Reuse two blocks reverse" start time: Jan 21 13:50 UTC
Output:
----------------------------------------------------------
Filters: Reuse two blocks reverse
Randomness seeded to: 3017087146

~~~~~~~~~~~~~~~~~~~~~~~~~~~~~~~~~~~~~~~~~~~~~~~~~~~~~~~~~~~~~~~~~~~~~~~~~~~~~~~
malloc_2_test is a Catch2 v3.0.1 host application.
Run with -? for options

-------------------------------------------------------------------------------
Reuse two blocks reverse
-------------------------------------------------------------------------------
/home/student/Desktop/OS/HW4/tests/os_hw4_tests (1)/tests/malloc_2_test.cpp:307
...............................................................................

/home/student/Desktop/OS/HW4/tests/os_hw4_tests (1)/tests/malloc_2_test.cpp:331: FAILED:
  REQUIRE( c == b )
with expansion:
  "(tabs, newlines)0" == ""

===============================================================================
test cases:  1 |  0 passed | 1 failed
assertions: 28 | 27 passed | 1 failed

<end of output>
Test time =   0.01 sec
----------------------------------------------------------
Test Failed.
"malloc_2.Reuse two blocks reverse" end time: Jan 21 13:50 UTC
"malloc_2.Reuse two blocks reverse" time elapsed: 00:00:00
----------------------------------------------------------

15/88 Testing: malloc_2.Reuse two blocks both
15/88 Test: malloc_2.Reuse two blocks both
Command: "/home/student/Desktop/OS/HW4/tests/os_hw4_tests (1)/build/tests/malloc_2_test" "Reuse two blocks both"
Directory: /home/student/Desktop/OS/HW4/tests/os_hw4_tests (1)/build/tests
"malloc_2.Reuse two blocks both" start time: Jan 21 13:50 UTC
Output:
----------------------------------------------------------
Filters: Reuse two blocks both
Randomness seeded to: 4228412851

~~~~~~~~~~~~~~~~~~~~~~~~~~~~~~~~~~~~~~~~~~~~~~~~~~~~~~~~~~~~~~~~~~~~~~~~~~~~~~~
malloc_2_test is a Catch2 v3.0.1 host application.
Run with -? for options

-------------------------------------------------------------------------------
Reuse two blocks both
-------------------------------------------------------------------------------
/home/student/Desktop/OS/HW4/tests/os_hw4_tests (1)/tests/malloc_2_test.cpp:344
...............................................................................

/home/student/Desktop/OS/HW4/tests/os_hw4_tests (1)/tests/malloc_2_test.cpp:371: FAILED:
  REQUIRE( c == a )
with expansion:
  "" == ""

===============================================================================
test cases:  1 |  0 passed | 1 failed
assertions: 34 | 33 passed | 1 failed

<end of output>
Test time =   0.01 sec
----------------------------------------------------------
Test Failed.
"malloc_2.Reuse two blocks both" end time: Jan 21 13:50 UTC
"malloc_2.Reuse two blocks both" time elapsed: 00:00:00
----------------------------------------------------------

16/88 Testing: malloc_2.Reuse two blocks sizes small
16/88 Test: malloc_2.Reuse two blocks sizes small
Command: "/home/student/Desktop/OS/HW4/tests/os_hw4_tests (1)/build/tests/malloc_2_test" "Reuse two blocks sizes small"
Directory: /home/student/Desktop/OS/HW4/tests/os_hw4_tests (1)/build/tests
"malloc_2.Reuse two blocks sizes small" start time: Jan 21 13:50 UTC
Output:
----------------------------------------------------------
Filters: Reuse two blocks sizes small
Randomness seeded to: 1972976489

~~~~~~~~~~~~~~~~~~~~~~~~~~~~~~~~~~~~~~~~~~~~~~~~~~~~~~~~~~~~~~~~~~~~~~~~~~~~~~~
malloc_2_test is a Catch2 v3.0.1 host application.
Run with -? for options

-------------------------------------------------------------------------------
Reuse two blocks sizes small
-------------------------------------------------------------------------------
/home/student/Desktop/OS/HW4/tests/os_hw4_tests (1)/tests/malloc_2_test.cpp:381
...............................................................................

/home/student/Desktop/OS/HW4/tests/os_hw4_tests (1)/tests/malloc_2_test.cpp:408: FAILED:
  REQUIRE( c == a )
with expansion:
  "(tabs, newlines)0" == ""

===============================================================================
test cases:  1 |  0 passed | 1 failed
assertions: 34 | 33 passed | 1 failed

<end of output>
Test time =   0.01 sec
----------------------------------------------------------
Test Failed.
"malloc_2.Reuse two blocks sizes small" end time: Jan 21 13:50 UTC
"malloc_2.Reuse two blocks sizes small" time elapsed: 00:00:00
----------------------------------------------------------

17/88 Testing: malloc_2.Reuse two blocks sizes large
17/88 Test: malloc_2.Reuse two blocks sizes large
Command: "/home/student/Desktop/OS/HW4/tests/os_hw4_tests (1)/build/tests/malloc_2_test" "Reuse two blocks sizes large"
Directory: /home/student/Desktop/OS/HW4/tests/os_hw4_tests (1)/build/tests
"malloc_2.Reuse two blocks sizes large" start time: Jan 21 13:50 UTC
Output:
----------------------------------------------------------
Filters: Reuse two blocks sizes large
Randomness seeded to: 2085635481

~~~~~~~~~~~~~~~~~~~~~~~~~~~~~~~~~~~~~~~~~~~~~~~~~~~~~~~~~~~~~~~~~~~~~~~~~~~~~~~
malloc_2_test is a Catch2 v3.0.1 host application.
Run with -? for options

-------------------------------------------------------------------------------
Reuse two blocks sizes large
-------------------------------------------------------------------------------
/home/student/Desktop/OS/HW4/tests/os_hw4_tests (1)/tests/malloc_2_test.cpp:418
...............................................................................

/home/student/Desktop/OS/HW4/tests/os_hw4_tests (1)/tests/malloc_2_test.cpp:445: FAILED:
  REQUIRE( c == b )
with expansion:
  "(tabs, newlines)0" == ""

===============================================================================
test cases:  1 |  0 passed | 1 failed
assertions: 34 | 33 passed | 1 failed

<end of output>
Test time =   0.00 sec
----------------------------------------------------------
Test Failed.
"malloc_2.Reuse two blocks sizes large" end time: Jan 21 13:50 UTC
"malloc_2.Reuse two blocks sizes large" time elapsed: 00:00:00
----------------------------------------------------------

18/88 Testing: malloc_2.scalloc
18/88 Test: malloc_2.scalloc
Command: "/home/student/Desktop/OS/HW4/tests/os_hw4_tests (1)/build/tests/malloc_2_test" "scalloc"
Directory: /home/student/Desktop/OS/HW4/tests/os_hw4_tests (1)/build/tests
"malloc_2.scalloc" start time: Jan 21 13:50 UTC
Output:
----------------------------------------------------------
Filters: scalloc
Randomness seeded to: 290556261
===============================================================================
All tests passed (51 assertions in 1 test case)

<end of output>
Test time =   0.01 sec
----------------------------------------------------------
Test Passed.
"malloc_2.scalloc" end time: Jan 21 13:50 UTC
"malloc_2.scalloc" time elapsed: 00:00:00
----------------------------------------------------------

19/88 Testing: malloc_2.scalloc taint
19/88 Test: malloc_2.scalloc taint
Command: "/home/student/Desktop/OS/HW4/tests/os_hw4_tests (1)/build/tests/malloc_2_test" "scalloc taint"
Directory: /home/student/Desktop/OS/HW4/tests/os_hw4_tests (1)/build/tests
"malloc_2.scalloc taint" start time: Jan 21 13:50 UTC
Output:
----------------------------------------------------------
Filters: scalloc taint
Randomness seeded to: 3768101517

~~~~~~~~~~~~~~~~~~~~~~~~~~~~~~~~~~~~~~~~~~~~~~~~~~~~~~~~~~~~~~~~~~~~~~~~~~~~~~~
malloc_2_test is a Catch2 v3.0.1 host application.
Run with -? for options

-------------------------------------------------------------------------------
scalloc taint
-------------------------------------------------------------------------------
/home/student/Desktop/OS/HW4/tests/os_hw4_tests (1)/tests/malloc_2_test.cpp:488
...............................................................................

/home/student/Desktop/OS/HW4/tests/os_hw4_tests (1)/tests/malloc_2_test.cpp:514: FAILED:
  REQUIRE( a == b )
with expansion:
  0x000056048a823020 == 0x000056048a7e2400

===============================================================================
test cases:   1 |   0 passed | 1 failed
assertions: 120 | 119 passed | 1 failed

<end of output>
Test time =   0.01 sec
----------------------------------------------------------
Test Failed.
"malloc_2.scalloc taint" end time: Jan 21 13:50 UTC
"malloc_2.scalloc taint" time elapsed: 00:00:00
----------------------------------------------------------

20/88 Testing: malloc_2.scalloc 0 size
20/88 Test: malloc_2.scalloc 0 size
Command: "/home/student/Desktop/OS/HW4/tests/os_hw4_tests (1)/build/tests/malloc_2_test" "scalloc 0 size"
Directory: /home/student/Desktop/OS/HW4/tests/os_hw4_tests (1)/build/tests
"malloc_2.scalloc 0 size" start time: Jan 21 13:50 UTC
Output:
----------------------------------------------------------
Filters: scalloc 0 size
Randomness seeded to: 544417399
===============================================================================
All tests passed (21 assertions in 1 test case)

<end of output>
Test time =   0.01 sec
----------------------------------------------------------
Test Passed.
"malloc_2.scalloc 0 size" end time: Jan 21 13:50 UTC
"malloc_2.scalloc 0 size" time elapsed: 00:00:00
----------------------------------------------------------

21/88 Testing: malloc_2.scalloc Max size num
21/88 Test: malloc_2.scalloc Max size num
Command: "/home/student/Desktop/OS/HW4/tests/os_hw4_tests (1)/build/tests/malloc_2_test" "scalloc Max size num"
Directory: /home/student/Desktop/OS/HW4/tests/os_hw4_tests (1)/build/tests
"malloc_2.scalloc Max size num" start time: Jan 21 13:50 UTC
Output:
----------------------------------------------------------
Filters: scalloc Max size num
Randomness seeded to: 3008599533
===============================================================================
All tests passed (27 assertions in 1 test case)

<end of output>
Test time =   0.24 sec
----------------------------------------------------------
Test Passed.
"malloc_2.scalloc Max size num" end time: Jan 21 13:50 UTC
"malloc_2.scalloc Max size num" time elapsed: 00:00:00
----------------------------------------------------------

22/88 Testing: malloc_2.scalloc Max size size
22/88 Test: malloc_2.scalloc Max size size
Command: "/home/student/Desktop/OS/HW4/tests/os_hw4_tests (1)/build/tests/malloc_2_test" "scalloc Max size size"
Directory: /home/student/Desktop/OS/HW4/tests/os_hw4_tests (1)/build/tests
"malloc_2.scalloc Max size size" start time: Jan 21 13:50 UTC
Output:
----------------------------------------------------------
Filters: scalloc Max size size
Randomness seeded to: 1052617867
===============================================================================
All tests passed (27 assertions in 1 test case)

<end of output>
Test time =   0.09 sec
----------------------------------------------------------
Test Passed.
"malloc_2.scalloc Max size size" end time: Jan 21 13:50 UTC
"malloc_2.scalloc Max size size" time elapsed: 00:00:00
----------------------------------------------------------

23/88 Testing: malloc_2.scalloc Max size both
23/88 Test: malloc_2.scalloc Max size both
Command: "/home/student/Desktop/OS/HW4/tests/os_hw4_tests (1)/build/tests/malloc_2_test" "scalloc Max size both"
Directory: /home/student/Desktop/OS/HW4/tests/os_hw4_tests (1)/build/tests
"malloc_2.scalloc Max size both" start time: Jan 21 13:50 UTC
Output:
----------------------------------------------------------
Filters: scalloc Max size both
Randomness seeded to: 1501046505
===============================================================================
All tests passed (35 assertions in 1 test case)

<end of output>
Test time =   0.09 sec
----------------------------------------------------------
Test Passed.
"malloc_2.scalloc Max size both" end time: Jan 21 13:50 UTC
"malloc_2.scalloc Max size both" time elapsed: 00:00:00
----------------------------------------------------------

24/88 Testing: malloc_2.realloc
24/88 Test: malloc_2.realloc
Command: "/home/student/Desktop/OS/HW4/tests/os_hw4_tests (1)/build/tests/malloc_2_test" "realloc"
Directory: /home/student/Desktop/OS/HW4/tests/os_hw4_tests (1)/build/tests
"malloc_2.realloc" start time: Jan 21 13:50 UTC
Output:
----------------------------------------------------------
Filters: realloc
Randomness seeded to: 1692592998
===============================================================================
All tests passed (36 assertions in 1 test case)

<end of output>
Test time =   0.01 sec
----------------------------------------------------------
Test Passed.
"malloc_2.realloc" end time: Jan 21 13:50 UTC
"malloc_2.realloc" time elapsed: 00:00:00
----------------------------------------------------------

25/88 Testing: malloc_2.realloc shrink
25/88 Test: malloc_2.realloc shrink
Command: "/home/student/Desktop/OS/HW4/tests/os_hw4_tests (1)/build/tests/malloc_2_test" "realloc shrink"
Directory: /home/student/Desktop/OS/HW4/tests/os_hw4_tests (1)/build/tests
"malloc_2.realloc shrink" start time: Jan 21 13:50 UTC
Output:
----------------------------------------------------------
Filters: realloc shrink
Randomness seeded to: 3942802351
===============================================================================
All tests passed (36 assertions in 1 test case)

<end of output>
Test time =   0.00 sec
----------------------------------------------------------
Test Passed.
"malloc_2.realloc shrink" end time: Jan 21 13:50 UTC
"malloc_2.realloc shrink" time elapsed: 00:00:00
----------------------------------------------------------

26/88 Testing: malloc_2.srealloc Max size
26/88 Test: malloc_2.srealloc Max size
Command: "/home/student/Desktop/OS/HW4/tests/os_hw4_tests (1)/build/tests/malloc_2_test" "srealloc Max size"
Directory: /home/student/Desktop/OS/HW4/tests/os_hw4_tests (1)/build/tests
"malloc_2.srealloc Max size" start time: Jan 21 13:50 UTC
Output:
----------------------------------------------------------
Filters: srealloc Max size
Randomness seeded to: 478026944
===============================================================================
All tests passed (35 assertions in 1 test case)

<end of output>
Test time =   0.01 sec
----------------------------------------------------------
Test Passed.
"malloc_2.srealloc Max size" end time: Jan 21 13:50 UTC
"malloc_2.srealloc Max size" time elapsed: 00:00:00
----------------------------------------------------------

27/88 Testing: malloc_3.Sanity
27/88 Test: malloc_3.Sanity
Command: "/home/student/Desktop/OS/HW4/tests/os_hw4_tests (1)/build/tests/malloc_3_test" "Sanity"
Directory: /home/student/Desktop/OS/HW4/tests/os_hw4_tests (1)/build/tests
"malloc_3.Sanity" start time: Jan 21 13:50 UTC
Output:
----------------------------------------------------------
Filters: Sanity
Randomness seeded to: 4031181158

~~~~~~~~~~~~~~~~~~~~~~~~~~~~~~~~~~~~~~~~~~~~~~~~~~~~~~~~~~~~~~~~~~~~~~~~~~~~~~~
malloc_3_test is a Catch2 v3.0.1 host application.
Run with -? for options

-------------------------------------------------------------------------------
Sanity
-------------------------------------------------------------------------------
/home/student/Desktop/OS/HW4/tests/os_hw4_tests (1)/tests/malloc_3_test_basic.cpp:40
...............................................................................

/home/student/Desktop/OS/HW4/tests/os_hw4_tests (1)/tests/malloc_3_test_basic.cpp:40: FAILED:
  {Unknown expression after the reported line}
due to a fatal error condition:
  SIGSEGV - Segmentation violation signal

===============================================================================
test cases: 1 | 1 failed
assertions: 6 | 5 passed | 1 failed

<end of output>
Test time =   0.44 sec
----------------------------------------------------------
Test Failed.
"malloc_3.Sanity" end time: Jan 21 13:50 UTC
"malloc_3.Sanity" time elapsed: 00:00:00
----------------------------------------------------------

28/88 Testing: malloc_3.Check size
28/88 Test: malloc_3.Check size
Command: "/home/student/Desktop/OS/HW4/tests/os_hw4_tests (1)/build/tests/malloc_3_test" "Check size"
Directory: /home/student/Desktop/OS/HW4/tests/os_hw4_tests (1)/build/tests
"malloc_3.Check size" start time: Jan 21 13:50 UTC
Output:
----------------------------------------------------------
Filters: Check size
Randomness seeded to: 3658855321

~~~~~~~~~~~~~~~~~~~~~~~~~~~~~~~~~~~~~~~~~~~~~~~~~~~~~~~~~~~~~~~~~~~~~~~~~~~~~~~
malloc_3_test is a Catch2 v3.0.1 host application.
Run with -? for options

-------------------------------------------------------------------------------
Check size
-------------------------------------------------------------------------------
/home/student/Desktop/OS/HW4/tests/os_hw4_tests (1)/tests/malloc_3_test_basic.cpp:53
...............................................................................

/home/student/Desktop/OS/HW4/tests/os_hw4_tests (1)/tests/malloc_3_test_basic.cpp:53: FAILED:
  {Unknown expression after the reported line}
due to a fatal error condition:
  SIGSEGV - Segmentation violation signal

===============================================================================
test cases: 1 | 1 failed
assertions: 6 | 5 passed | 1 failed

<end of output>
Test time =   0.20 sec
----------------------------------------------------------
Test Failed.
"malloc_3.Check size" end time: Jan 21 13:50 UTC
"malloc_3.Check size" time elapsed: 00:00:00
----------------------------------------------------------

29/88 Testing: malloc_3.0 size
29/88 Test: malloc_3.0 size
Command: "/home/student/Desktop/OS/HW4/tests/os_hw4_tests (1)/build/tests/malloc_3_test" "0 size"
Directory: /home/student/Desktop/OS/HW4/tests/os_hw4_tests (1)/build/tests
"malloc_3.0 size" start time: Jan 21 13:50 UTC
Output:
----------------------------------------------------------
Filters: 0 size
Randomness seeded to: 1247718224
===============================================================================
All tests passed (13 assertions in 1 test case)

<end of output>
Test time =   0.00 sec
----------------------------------------------------------
Test Passed.
"malloc_3.0 size" end time: Jan 21 13:50 UTC
"malloc_3.0 size" time elapsed: 00:00:00
----------------------------------------------------------

30/88 Testing: malloc_3.Max size
30/88 Test: malloc_3.Max size
Command: "/home/student/Desktop/OS/HW4/tests/os_hw4_tests (1)/build/tests/malloc_3_test" "Max size"
Directory: /home/student/Desktop/OS/HW4/tests/os_hw4_tests (1)/build/tests
"malloc_3.Max size" start time: Jan 21 13:50 UTC
Output:
----------------------------------------------------------
Filters: Max size
Randomness seeded to: 926317291

~~~~~~~~~~~~~~~~~~~~~~~~~~~~~~~~~~~~~~~~~~~~~~~~~~~~~~~~~~~~~~~~~~~~~~~~~~~~~~~
malloc_3_test is a Catch2 v3.0.1 host application.
Run with -? for options

-------------------------------------------------------------------------------
Max size
-------------------------------------------------------------------------------
/home/student/Desktop/OS/HW4/tests/os_hw4_tests (1)/tests/malloc_3_test_basic.cpp:94
...............................................................................

/home/student/Desktop/OS/HW4/tests/os_hw4_tests (1)/tests/malloc_3_test_basic.cpp:102: FAILED:
  REQUIRE( _num_allocated_bytes() == aligned_size((1e8)) )
with expansion:
  0 == 100000000 (0x5f5e100)

===============================================================================
test cases: 1 | 1 failed
assertions: 9 | 8 passed | 1 failed

<end of output>
Test time =   0.00 sec
----------------------------------------------------------
Test Failed.
"malloc_3.Max size" end time: Jan 21 13:50 UTC
"malloc_3.Max size" time elapsed: 00:00:00
----------------------------------------------------------

31/88 Testing: malloc_3.free
31/88 Test: malloc_3.free
Command: "/home/student/Desktop/OS/HW4/tests/os_hw4_tests (1)/build/tests/malloc_3_test" "free"
Directory: /home/student/Desktop/OS/HW4/tests/os_hw4_tests (1)/build/tests
"malloc_3.free" start time: Jan 21 13:50 UTC
Output:
----------------------------------------------------------
Filters: free
Randomness seeded to: 501195726

~~~~~~~~~~~~~~~~~~~~~~~~~~~~~~~~~~~~~~~~~~~~~~~~~~~~~~~~~~~~~~~~~~~~~~~~~~~~~~~
malloc_3_test is a Catch2 v3.0.1 host application.
Run with -? for options

-------------------------------------------------------------------------------
free
-------------------------------------------------------------------------------
/home/student/Desktop/OS/HW4/tests/os_hw4_tests (1)/tests/malloc_3_test_basic.cpp:115
...............................................................................

/home/student/Desktop/OS/HW4/tests/os_hw4_tests (1)/tests/malloc_3_test_basic.cpp:115: FAILED:
  {Unknown expression after the reported line}
due to a fatal error condition:
  SIGSEGV - Segmentation violation signal

===============================================================================
test cases: 1 | 1 failed
assertions: 6 | 5 passed | 1 failed

<end of output>
Test time =   0.22 sec
----------------------------------------------------------
Test Failed.
"malloc_3.free" end time: Jan 21 13:50 UTC
"malloc_3.free" time elapsed: 00:00:00
----------------------------------------------------------

32/88 Testing: malloc_3.free 2
32/88 Test: malloc_3.free 2
Command: "/home/student/Desktop/OS/HW4/tests/os_hw4_tests (1)/build/tests/malloc_3_test" "free 2"
Directory: /home/student/Desktop/OS/HW4/tests/os_hw4_tests (1)/build/tests
"malloc_3.free 2" start time: Jan 21 13:50 UTC
Output:
----------------------------------------------------------
Filters: free 2
Randomness seeded to: 1369743438

~~~~~~~~~~~~~~~~~~~~~~~~~~~~~~~~~~~~~~~~~~~~~~~~~~~~~~~~~~~~~~~~~~~~~~~~~~~~~~~
malloc_3_test is a Catch2 v3.0.1 host application.
Run with -? for options

-------------------------------------------------------------------------------
free 2
-------------------------------------------------------------------------------
/home/student/Desktop/OS/HW4/tests/os_hw4_tests (1)/tests/malloc_3_test_basic.cpp:161
...............................................................................

/home/student/Desktop/OS/HW4/tests/os_hw4_tests (1)/tests/malloc_3_test_basic.cpp:161: FAILED:
  {Unknown expression after the reported line}
due to a fatal error condition:
  SIGSEGV - Segmentation violation signal

===============================================================================
test cases: 1 | 1 failed
assertions: 6 | 5 passed | 1 failed

<end of output>
Test time =   0.21 sec
----------------------------------------------------------
Test Failed.
"malloc_3.free 2" end time: Jan 21 13:50 UTC
"malloc_3.free 2" time elapsed: 00:00:00
----------------------------------------------------------

33/88 Testing: malloc_3.free 3
33/88 Test: malloc_3.free 3
Command: "/home/student/Desktop/OS/HW4/tests/os_hw4_tests (1)/build/tests/malloc_3_test" "free 3"
Directory: /home/student/Desktop/OS/HW4/tests/os_hw4_tests (1)/build/tests
"malloc_3.free 3" start time: Jan 21 13:50 UTC
Output:
----------------------------------------------------------
Filters: free 3
Randomness seeded to: 535377963

~~~~~~~~~~~~~~~~~~~~~~~~~~~~~~~~~~~~~~~~~~~~~~~~~~~~~~~~~~~~~~~~~~~~~~~~~~~~~~~
malloc_3_test is a Catch2 v3.0.1 host application.
Run with -? for options

-------------------------------------------------------------------------------
free 3
-------------------------------------------------------------------------------
/home/student/Desktop/OS/HW4/tests/os_hw4_tests (1)/tests/malloc_3_test_basic.cpp:207
...............................................................................

/home/student/Desktop/OS/HW4/tests/os_hw4_tests (1)/tests/malloc_3_test_basic.cpp:207: FAILED:
  {Unknown expression after the reported line}
due to a fatal error condition:
  SIGSEGV - Segmentation violation signal

===============================================================================
test cases: 1 | 1 failed
assertions: 6 | 5 passed | 1 failed

<end of output>
Test time =   0.22 sec
----------------------------------------------------------
Test Failed.
"malloc_3.free 3" end time: Jan 21 13:50 UTC
"malloc_3.free 3" time elapsed: 00:00:00
----------------------------------------------------------

34/88 Testing: malloc_3.free holes 1
34/88 Test: malloc_3.free holes 1
Command: "/home/student/Desktop/OS/HW4/tests/os_hw4_tests (1)/build/tests/malloc_3_test" "free holes 1"
Directory: /home/student/Desktop/OS/HW4/tests/os_hw4_tests (1)/build/tests
"malloc_3.free holes 1" start time: Jan 21 13:50 UTC
Output:
----------------------------------------------------------
Filters: free holes 1
Randomness seeded to: 3204814767

~~~~~~~~~~~~~~~~~~~~~~~~~~~~~~~~~~~~~~~~~~~~~~~~~~~~~~~~~~~~~~~~~~~~~~~~~~~~~~~
malloc_3_test is a Catch2 v3.0.1 host application.
Run with -? for options

-------------------------------------------------------------------------------
free holes 1
-------------------------------------------------------------------------------
/home/student/Desktop/OS/HW4/tests/os_hw4_tests (1)/tests/malloc_3_test_basic.cpp:253
...............................................................................

/home/student/Desktop/OS/HW4/tests/os_hw4_tests (1)/tests/malloc_3_test_basic.cpp:253: FAILED:
  {Unknown expression after the reported line}
due to a fatal error condition:
  SIGSEGV - Segmentation violation signal

===============================================================================
test cases: 1 | 1 failed
assertions: 6 | 5 passed | 1 failed

<end of output>
Test time =   0.20 sec
----------------------------------------------------------
Test Failed.
"malloc_3.free holes 1" end time: Jan 21 13:50 UTC
"malloc_3.free holes 1" time elapsed: 00:00:00
----------------------------------------------------------

35/88 Testing: malloc_3.free holes 2
35/88 Test: malloc_3.free holes 2
Command: "/home/student/Desktop/OS/HW4/tests/os_hw4_tests (1)/build/tests/malloc_3_test" "free holes 2"
Directory: /home/student/Desktop/OS/HW4/tests/os_hw4_tests (1)/build/tests
"malloc_3.free holes 2" start time: Jan 21 13:50 UTC
Output:
----------------------------------------------------------
Filters: free holes 2
Randomness seeded to: 3419512889

~~~~~~~~~~~~~~~~~~~~~~~~~~~~~~~~~~~~~~~~~~~~~~~~~~~~~~~~~~~~~~~~~~~~~~~~~~~~~~~
malloc_3_test is a Catch2 v3.0.1 host application.
Run with -? for options

-------------------------------------------------------------------------------
free holes 2
-------------------------------------------------------------------------------
/home/student/Desktop/OS/HW4/tests/os_hw4_tests (1)/tests/malloc_3_test_basic.cpp:309
...............................................................................

/home/student/Desktop/OS/HW4/tests/os_hw4_tests (1)/tests/malloc_3_test_basic.cpp:309: FAILED:
  {Unknown expression after the reported line}
due to a fatal error condition:
  SIGSEGV - Segmentation violation signal

===============================================================================
test cases: 1 | 1 failed
assertions: 6 | 5 passed | 1 failed

<end of output>
Test time =   0.20 sec
----------------------------------------------------------
Test Failed.
"malloc_3.free holes 2" end time: Jan 21 13:50 UTC
"malloc_3.free holes 2" time elapsed: 00:00:00
----------------------------------------------------------

36/88 Testing: malloc_3.free holes 3
36/88 Test: malloc_3.free holes 3
Command: "/home/student/Desktop/OS/HW4/tests/os_hw4_tests (1)/build/tests/malloc_3_test" "free holes 3"
Directory: /home/student/Desktop/OS/HW4/tests/os_hw4_tests (1)/build/tests
"malloc_3.free holes 3" start time: Jan 21 13:50 UTC
Output:
----------------------------------------------------------
Filters: free holes 3
Randomness seeded to: 3100691615

~~~~~~~~~~~~~~~~~~~~~~~~~~~~~~~~~~~~~~~~~~~~~~~~~~~~~~~~~~~~~~~~~~~~~~~~~~~~~~~
malloc_3_test is a Catch2 v3.0.1 host application.
Run with -? for options

-------------------------------------------------------------------------------
free holes 3
-------------------------------------------------------------------------------
/home/student/Desktop/OS/HW4/tests/os_hw4_tests (1)/tests/malloc_3_test_basic.cpp:365
...............................................................................

/home/student/Desktop/OS/HW4/tests/os_hw4_tests (1)/tests/malloc_3_test_basic.cpp:365: FAILED:
  {Unknown expression after the reported line}
due to a fatal error condition:
  SIGSEGV - Segmentation violation signal

===============================================================================
test cases: 1 | 1 failed
assertions: 6 | 5 passed | 1 failed

<end of output>
Test time =   0.21 sec
----------------------------------------------------------
Test Failed.
"malloc_3.free holes 3" end time: Jan 21 13:50 UTC
"malloc_3.free holes 3" time elapsed: 00:00:00
----------------------------------------------------------

37/88 Testing: malloc_3.Wilderness available
37/88 Test: malloc_3.Wilderness available
Command: "/home/student/Desktop/OS/HW4/tests/os_hw4_tests (1)/build/tests/malloc_3_test" "Wilderness available"
Directory: /home/student/Desktop/OS/HW4/tests/os_hw4_tests (1)/build/tests
"malloc_3.Wilderness available" start time: Jan 21 13:50 UTC
Output:
----------------------------------------------------------
Filters: Wilderness available
Randomness seeded to: 1750447533

~~~~~~~~~~~~~~~~~~~~~~~~~~~~~~~~~~~~~~~~~~~~~~~~~~~~~~~~~~~~~~~~~~~~~~~~~~~~~~~
malloc_3_test is a Catch2 v3.0.1 host application.
Run with -? for options

-------------------------------------------------------------------------------
Wilderness available
-------------------------------------------------------------------------------
/home/student/Desktop/OS/HW4/tests/os_hw4_tests (1)/tests/malloc_3_test_basic.cpp:421
...............................................................................

/home/student/Desktop/OS/HW4/tests/os_hw4_tests (1)/tests/malloc_3_test_basic.cpp:421: FAILED:
  {Unknown expression after the reported line}
due to a fatal error condition:
  SIGSEGV - Segmentation violation signal

===============================================================================
test cases: 1 | 1 failed
assertions: 6 | 5 passed | 1 failed

<end of output>
Test time =   0.19 sec
----------------------------------------------------------
Test Failed.
"malloc_3.Wilderness available" end time: Jan 21 13:50 UTC
"malloc_3.Wilderness available" time elapsed: 00:00:00
----------------------------------------------------------

38/88 Testing: malloc_3.Wilderness available pad
38/88 Test: malloc_3.Wilderness available pad
Command: "/home/student/Desktop/OS/HW4/tests/os_hw4_tests (1)/build/tests/malloc_3_test" "Wilderness available pad"
Directory: /home/student/Desktop/OS/HW4/tests/os_hw4_tests (1)/build/tests
"malloc_3.Wilderness available pad" start time: Jan 21 13:50 UTC
Output:
----------------------------------------------------------
Filters: Wilderness available pad
Randomness seeded to: 542434047

~~~~~~~~~~~~~~~~~~~~~~~~~~~~~~~~~~~~~~~~~~~~~~~~~~~~~~~~~~~~~~~~~~~~~~~~~~~~~~~
malloc_3_test is a Catch2 v3.0.1 host application.
Run with -? for options

-------------------------------------------------------------------------------
Wilderness available pad
-------------------------------------------------------------------------------
/home/student/Desktop/OS/HW4/tests/os_hw4_tests (1)/tests/malloc_3_test_basic.cpp:456
...............................................................................

/home/student/Desktop/OS/HW4/tests/os_hw4_tests (1)/tests/malloc_3_test_basic.cpp:456: FAILED:
  {Unknown expression after the reported line}
due to a fatal error condition:
  SIGSEGV - Segmentation violation signal

===============================================================================
test cases: 1 | 1 failed
assertions: 6 | 5 passed | 1 failed

<end of output>
Test time =   0.21 sec
----------------------------------------------------------
Test Failed.
"malloc_3.Wilderness available pad" end time: Jan 21 13:50 UTC
"malloc_3.Wilderness available pad" time elapsed: 00:00:00
----------------------------------------------------------

39/88 Testing: malloc_3.Large allocation
39/88 Test: malloc_3.Large allocation
Command: "/home/student/Desktop/OS/HW4/tests/os_hw4_tests (1)/build/tests/malloc_3_test" "Large allocation"
Directory: /home/student/Desktop/OS/HW4/tests/os_hw4_tests (1)/build/tests
"malloc_3.Large allocation" start time: Jan 21 13:50 UTC
Output:
----------------------------------------------------------
Filters: Large allocation
Randomness seeded to: 1523450616

~~~~~~~~~~~~~~~~~~~~~~~~~~~~~~~~~~~~~~~~~~~~~~~~~~~~~~~~~~~~~~~~~~~~~~~~~~~~~~~
malloc_3_test is a Catch2 v3.0.1 host application.
Run with -? for options

-------------------------------------------------------------------------------
Large allocation
-------------------------------------------------------------------------------
/home/student/Desktop/OS/HW4/tests/os_hw4_tests (1)/tests/malloc_3_test_basic.cpp:500
...............................................................................

/home/student/Desktop/OS/HW4/tests/os_hw4_tests (1)/tests/malloc_3_test_basic.cpp:508: FAILED:
  REQUIRE( _num_allocated_bytes() == aligned_size((128 * 1024)) )
with expansion:
  0 == 131072 (0x20000)

===============================================================================
test cases: 1 | 1 failed
assertions: 9 | 8 passed | 1 failed

<end of output>
Test time =   0.00 sec
----------------------------------------------------------
Test Failed.
"malloc_3.Large allocation" end time: Jan 21 13:50 UTC
"malloc_3.Large allocation" time elapsed: 00:00:00
----------------------------------------------------------

40/88 Testing: malloc_3.Large unaligned allocation
40/88 Test: malloc_3.Large unaligned allocation
Command: "/home/student/Desktop/OS/HW4/tests/os_hw4_tests (1)/build/tests/malloc_3_test" "Large unaligned allocation"
Directory: /home/student/Desktop/OS/HW4/tests/os_hw4_tests (1)/build/tests
"malloc_3.Large unaligned allocation" start time: Jan 21 13:50 UTC
Output:
----------------------------------------------------------
Filters: Large unaligned allocation
Randomness seeded to: 1829408224

~~~~~~~~~~~~~~~~~~~~~~~~~~~~~~~~~~~~~~~~~~~~~~~~~~~~~~~~~~~~~~~~~~~~~~~~~~~~~~~
malloc_3_test is a Catch2 v3.0.1 host application.
Run with -? for options

-------------------------------------------------------------------------------
Large unaligned allocation
-------------------------------------------------------------------------------
/home/student/Desktop/OS/HW4/tests/os_hw4_tests (1)/tests/malloc_3_test_basic.cpp:525
...............................................................................

/home/student/Desktop/OS/HW4/tests/os_hw4_tests (1)/tests/malloc_3_test_basic.cpp:533: FAILED:
  REQUIRE( _num_allocated_bytes() == aligned_size((128 * 1024) + 8) )
with expansion:
  0 == 131080 (0x20008)

===============================================================================
test cases: 1 | 1 failed
assertions: 9 | 8 passed | 1 failed

<end of output>
Test time =   0.00 sec
----------------------------------------------------------
Test Failed.
"malloc_3.Large unaligned allocation" end time: Jan 21 13:50 UTC
"malloc_3.Large unaligned allocation" time elapsed: 00:00:00
----------------------------------------------------------

41/88 Testing: malloc_3.Alignment
41/88 Test: malloc_3.Alignment
Command: "/home/student/Desktop/OS/HW4/tests/os_hw4_tests (1)/build/tests/malloc_3_test" "Alignment"
Directory: /home/student/Desktop/OS/HW4/tests/os_hw4_tests (1)/build/tests
"malloc_3.Alignment" start time: Jan 21 13:50 UTC
Output:
----------------------------------------------------------
Filters: Alignment
Randomness seeded to: 1131909396

~~~~~~~~~~~~~~~~~~~~~~~~~~~~~~~~~~~~~~~~~~~~~~~~~~~~~~~~~~~~~~~~~~~~~~~~~~~~~~~
malloc_3_test is a Catch2 v3.0.1 host application.
Run with -? for options

-------------------------------------------------------------------------------
Alignment
-------------------------------------------------------------------------------
/home/student/Desktop/OS/HW4/tests/os_hw4_tests (1)/tests/malloc_3_test_basic.cpp:541
...............................................................................

/home/student/Desktop/OS/HW4/tests/os_hw4_tests (1)/tests/malloc_3_test_basic.cpp:541: FAILED:
  {Unknown expression after the reported line}
due to a fatal error condition:
  SIGSEGV - Segmentation violation signal

===============================================================================
test cases: 1 | 1 failed
assertions: 9 | 8 passed | 1 failed

<end of output>
Test time =   0.20 sec
----------------------------------------------------------
Test Failed.
"malloc_3.Alignment" end time: Jan 21 13:50 UTC
"malloc_3.Alignment" time elapsed: 00:00:00
----------------------------------------------------------

42/88 Testing: malloc_3.Alignment unaligned base
42/88 Test: malloc_3.Alignment unaligned base
Command: "/home/student/Desktop/OS/HW4/tests/os_hw4_tests (1)/build/tests/malloc_3_test" "Alignment unaligned base"
Directory: /home/student/Desktop/OS/HW4/tests/os_hw4_tests (1)/build/tests
"malloc_3.Alignment unaligned base" start time: Jan 21 13:50 UTC
Output:
----------------------------------------------------------
Filters: Alignment unaligned base
Randomness seeded to: 2665310042

~~~~~~~~~~~~~~~~~~~~~~~~~~~~~~~~~~~~~~~~~~~~~~~~~~~~~~~~~~~~~~~~~~~~~~~~~~~~~~~
malloc_3_test is a Catch2 v3.0.1 host application.
Run with -? for options

-------------------------------------------------------------------------------
Alignment unaligned base
-------------------------------------------------------------------------------
/home/student/Desktop/OS/HW4/tests/os_hw4_tests (1)/tests/malloc_3_test_basic.cpp:583
...............................................................................

/home/student/Desktop/OS/HW4/tests/os_hw4_tests (1)/tests/malloc_3_test_basic.cpp:583: FAILED:
  {Unknown expression after the reported line}
due to a fatal error condition:
  SIGSEGV - Segmentation violation signal

===============================================================================
test cases:  1 |  0 passed | 1 failed
assertions: 11 | 10 passed | 1 failed

<end of output>
Test time =   0.28 sec
----------------------------------------------------------
Test Failed.
"malloc_3.Alignment unaligned base" end time: Jan 21 13:50 UTC
"malloc_3.Alignment unaligned base" time elapsed: 00:00:00
----------------------------------------------------------

43/88 Testing: malloc_3.Alignment MMAP
43/88 Test: malloc_3.Alignment MMAP
Command: "/home/student/Desktop/OS/HW4/tests/os_hw4_tests (1)/build/tests/malloc_3_test" "Alignment MMAP"
Directory: /home/student/Desktop/OS/HW4/tests/os_hw4_tests (1)/build/tests
"malloc_3.Alignment MMAP" start time: Jan 21 13:50 UTC
Output:
----------------------------------------------------------
Filters: Alignment MMAP
Randomness seeded to: 3930129842

~~~~~~~~~~~~~~~~~~~~~~~~~~~~~~~~~~~~~~~~~~~~~~~~~~~~~~~~~~~~~~~~~~~~~~~~~~~~~~~
malloc_3_test is a Catch2 v3.0.1 host application.
Run with -? for options

-------------------------------------------------------------------------------
Alignment MMAP
-------------------------------------------------------------------------------
/home/student/Desktop/OS/HW4/tests/os_hw4_tests (1)/tests/malloc_3_test_basic.cpp:631
...............................................................................

/home/student/Desktop/OS/HW4/tests/os_hw4_tests (1)/tests/malloc_3_test_basic.cpp:643: FAILED:
  REQUIRE( _num_allocated_bytes() == aligned_size((128 * 1024)) )
with expansion:
  0 == 131072 (0x20000)

===============================================================================
test cases:  1 |  0 passed | 1 failed
assertions: 12 | 11 passed | 1 failed

<end of output>
Test time =   0.01 sec
----------------------------------------------------------
Test Failed.
"malloc_3.Alignment MMAP" end time: Jan 21 13:50 UTC
"malloc_3.Alignment MMAP" time elapsed: 00:00:00
----------------------------------------------------------

44/88 Testing: malloc_3.Reuse
44/88 Test: malloc_3.Reuse
Command: "/home/student/Desktop/OS/HW4/tests/os_hw4_tests (1)/build/tests/malloc_3_test" "Reuse"
Directory: /home/student/Desktop/OS/HW4/tests/os_hw4_tests (1)/build/tests
"malloc_3.Reuse" start time: Jan 21 13:50 UTC
Output:
----------------------------------------------------------
Filters: Reuse
Randomness seeded to: 2556095408

~~~~~~~~~~~~~~~~~~~~~~~~~~~~~~~~~~~~~~~~~~~~~~~~~~~~~~~~~~~~~~~~~~~~~~~~~~~~~~~
malloc_3_test is a Catch2 v3.0.1 host application.
Run with -? for options

-------------------------------------------------------------------------------
Reuse
-------------------------------------------------------------------------------
/home/student/Desktop/OS/HW4/tests/os_hw4_tests (1)/tests/malloc_3_test_reuse.cpp:40
...............................................................................

/home/student/Desktop/OS/HW4/tests/os_hw4_tests (1)/tests/malloc_3_test_reuse.cpp:40: FAILED:
  {Unknown expression after the reported line}
due to a fatal error condition:
  SIGSEGV - Segmentation violation signal

===============================================================================
test cases: 1 | 1 failed
assertions: 6 | 5 passed | 1 failed

<end of output>
Test time =   0.26 sec
----------------------------------------------------------
Test Failed.
"malloc_3.Reuse" end time: Jan 21 13:50 UTC
"malloc_3.Reuse" time elapsed: 00:00:00
----------------------------------------------------------

45/88 Testing: malloc_3.Reuse two blocks
45/88 Test: malloc_3.Reuse two blocks
Command: "/home/student/Desktop/OS/HW4/tests/os_hw4_tests (1)/build/tests/malloc_3_test" "Reuse two blocks"
Directory: /home/student/Desktop/OS/HW4/tests/os_hw4_tests (1)/build/tests
"malloc_3.Reuse two blocks" start time: Jan 21 13:50 UTC
Output:
----------------------------------------------------------
Filters: Reuse two blocks
Randomness seeded to: 894564072

~~~~~~~~~~~~~~~~~~~~~~~~~~~~~~~~~~~~~~~~~~~~~~~~~~~~~~~~~~~~~~~~~~~~~~~~~~~~~~~
malloc_3_test is a Catch2 v3.0.1 host application.
Run with -? for options

-------------------------------------------------------------------------------
Reuse two blocks
-------------------------------------------------------------------------------
/home/student/Desktop/OS/HW4/tests/os_hw4_tests (1)/tests/malloc_3_test_reuse.cpp:67
...............................................................................

/home/student/Desktop/OS/HW4/tests/os_hw4_tests (1)/tests/malloc_3_test_reuse.cpp:67: FAILED:
  {Unknown expression after the reported line}
due to a fatal error condition:
  SIGSEGV - Segmentation violation signal

===============================================================================
test cases: 1 | 1 failed
assertions: 6 | 5 passed | 1 failed

<end of output>
Test time =   0.22 sec
----------------------------------------------------------
Test Failed.
"malloc_3.Reuse two blocks" end time: Jan 21 13:50 UTC
"malloc_3.Reuse two blocks" time elapsed: 00:00:00
----------------------------------------------------------

46/88 Testing: malloc_3.Reuse two blocks reverse
46/88 Test: malloc_3.Reuse two blocks reverse
Command: "/home/student/Desktop/OS/HW4/tests/os_hw4_tests (1)/build/tests/malloc_3_test" "Reuse two blocks reverse"
Directory: /home/student/Desktop/OS/HW4/tests/os_hw4_tests (1)/build/tests
"malloc_3.Reuse two blocks reverse" start time: Jan 21 13:50 UTC
Output:
----------------------------------------------------------
Filters: Reuse two blocks reverse
Randomness seeded to: 4282703464

~~~~~~~~~~~~~~~~~~~~~~~~~~~~~~~~~~~~~~~~~~~~~~~~~~~~~~~~~~~~~~~~~~~~~~~~~~~~~~~
malloc_3_test is a Catch2 v3.0.1 host application.
Run with -? for options

-------------------------------------------------------------------------------
Reuse two blocks reverse
-------------------------------------------------------------------------------
/home/student/Desktop/OS/HW4/tests/os_hw4_tests (1)/tests/malloc_3_test_reuse.cpp:104
...............................................................................

/home/student/Desktop/OS/HW4/tests/os_hw4_tests (1)/tests/malloc_3_test_reuse.cpp:104: FAILED:
  {Unknown expression after the reported line}
due to a fatal error condition:
  SIGSEGV - Segmentation violation signal

===============================================================================
test cases: 1 | 1 failed
assertions: 6 | 5 passed | 1 failed

<end of output>
Test time =   0.20 sec
----------------------------------------------------------
Test Failed.
"malloc_3.Reuse two blocks reverse" end time: Jan 21 13:50 UTC
"malloc_3.Reuse two blocks reverse" time elapsed: 00:00:00
----------------------------------------------------------

47/88 Testing: malloc_3.Reuse two blocks both
47/88 Test: malloc_3.Reuse two blocks both
Command: "/home/student/Desktop/OS/HW4/tests/os_hw4_tests (1)/build/tests/malloc_3_test" "Reuse two blocks both"
Directory: /home/student/Desktop/OS/HW4/tests/os_hw4_tests (1)/build/tests
"malloc_3.Reuse two blocks both" start time: Jan 21 13:50 UTC
Output:
----------------------------------------------------------
Filters: Reuse two blocks both
Randomness seeded to: 511350487

~~~~~~~~~~~~~~~~~~~~~~~~~~~~~~~~~~~~~~~~~~~~~~~~~~~~~~~~~~~~~~~~~~~~~~~~~~~~~~~
malloc_3_test is a Catch2 v3.0.1 host application.
Run with -? for options

-------------------------------------------------------------------------------
Reuse two blocks both
-------------------------------------------------------------------------------
/home/student/Desktop/OS/HW4/tests/os_hw4_tests (1)/tests/malloc_3_test_reuse.cpp:141
...............................................................................

/home/student/Desktop/OS/HW4/tests/os_hw4_tests (1)/tests/malloc_3_test_reuse.cpp:141: FAILED:
  {Unknown expression after the reported line}
due to a fatal error condition:
  SIGSEGV - Segmentation violation signal

===============================================================================
test cases: 1 | 1 failed
assertions: 6 | 5 passed | 1 failed

<end of output>
Test time =   0.20 sec
----------------------------------------------------------
Test Failed.
"malloc_3.Reuse two blocks both" end time: Jan 21 13:50 UTC
"malloc_3.Reuse two blocks both" time elapsed: 00:00:00
----------------------------------------------------------

48/88 Testing: malloc_3.Reuse two blocks sizes small
48/88 Test: malloc_3.Reuse two blocks sizes small
Command: "/home/student/Desktop/OS/HW4/tests/os_hw4_tests (1)/build/tests/malloc_3_test" "Reuse two blocks sizes small"
Directory: /home/student/Desktop/OS/HW4/tests/os_hw4_tests (1)/build/tests
"malloc_3.Reuse two blocks sizes small" start time: Jan 21 13:50 UTC
Output:
----------------------------------------------------------
Filters: Reuse two blocks sizes small
Randomness seeded to: 774418394

~~~~~~~~~~~~~~~~~~~~~~~~~~~~~~~~~~~~~~~~~~~~~~~~~~~~~~~~~~~~~~~~~~~~~~~~~~~~~~~
malloc_3_test is a Catch2 v3.0.1 host application.
Run with -? for options

-------------------------------------------------------------------------------
Reuse two blocks sizes small
-------------------------------------------------------------------------------
/home/student/Desktop/OS/HW4/tests/os_hw4_tests (1)/tests/malloc_3_test_reuse.cpp:188
...............................................................................

/home/student/Desktop/OS/HW4/tests/os_hw4_tests (1)/tests/malloc_3_test_reuse.cpp:188: FAILED:
  {Unknown expression after the reported line}
due to a fatal error condition:
  SIGSEGV - Segmentation violation signal

===============================================================================
test cases: 1 | 1 failed
assertions: 6 | 5 passed | 1 failed

<end of output>
Test time =   0.20 sec
----------------------------------------------------------
Test Failed.
"malloc_3.Reuse two blocks sizes small" end time: Jan 21 13:50 UTC
"malloc_3.Reuse two blocks sizes small" time elapsed: 00:00:00
----------------------------------------------------------

49/88 Testing: malloc_3.Reuse two blocks sizes small reversed
49/88 Test: malloc_3.Reuse two blocks sizes small reversed
Command: "/home/student/Desktop/OS/HW4/tests/os_hw4_tests (1)/build/tests/malloc_3_test" "Reuse two blocks sizes small reversed"
Directory: /home/student/Desktop/OS/HW4/tests/os_hw4_tests (1)/build/tests
"malloc_3.Reuse two blocks sizes small reversed" start time: Jan 21 13:50 UTC
Output:
----------------------------------------------------------
Filters: Reuse two blocks sizes small reversed
Randomness seeded to: 860201278

~~~~~~~~~~~~~~~~~~~~~~~~~~~~~~~~~~~~~~~~~~~~~~~~~~~~~~~~~~~~~~~~~~~~~~~~~~~~~~~
malloc_3_test is a Catch2 v3.0.1 host application.
Run with -? for options

-------------------------------------------------------------------------------
Reuse two blocks sizes small reversed
-------------------------------------------------------------------------------
/home/student/Desktop/OS/HW4/tests/os_hw4_tests (1)/tests/malloc_3_test_reuse.cpp:235
...............................................................................

/home/student/Desktop/OS/HW4/tests/os_hw4_tests (1)/tests/malloc_3_test_reuse.cpp:235: FAILED:
  {Unknown expression after the reported line}
due to a fatal error condition:
  SIGSEGV - Segmentation violation signal

===============================================================================
test cases: 1 | 1 failed
assertions: 6 | 5 passed | 1 failed

<end of output>
Test time =   0.22 sec
----------------------------------------------------------
Test Failed.
"malloc_3.Reuse two blocks sizes small reversed" end time: Jan 21 13:50 UTC
"malloc_3.Reuse two blocks sizes small reversed" time elapsed: 00:00:00
----------------------------------------------------------

50/88 Testing: malloc_3.Reuse two blocks sizes large
50/88 Test: malloc_3.Reuse two blocks sizes large
Command: "/home/student/Desktop/OS/HW4/tests/os_hw4_tests (1)/build/tests/malloc_3_test" "Reuse two blocks sizes large"
Directory: /home/student/Desktop/OS/HW4/tests/os_hw4_tests (1)/build/tests
"malloc_3.Reuse two blocks sizes large" start time: Jan 21 13:50 UTC
Output:
----------------------------------------------------------
Filters: Reuse two blocks sizes large
Randomness seeded to: 1113959701

~~~~~~~~~~~~~~~~~~~~~~~~~~~~~~~~~~~~~~~~~~~~~~~~~~~~~~~~~~~~~~~~~~~~~~~~~~~~~~~
malloc_3_test is a Catch2 v3.0.1 host application.
Run with -? for options

-------------------------------------------------------------------------------
Reuse two blocks sizes large
-------------------------------------------------------------------------------
/home/student/Desktop/OS/HW4/tests/os_hw4_tests (1)/tests/malloc_3_test_reuse.cpp:282
...............................................................................

/home/student/Desktop/OS/HW4/tests/os_hw4_tests (1)/tests/malloc_3_test_reuse.cpp:282: FAILED:
  {Unknown expression after the reported line}
due to a fatal error condition:
  SIGSEGV - Segmentation violation signal

===============================================================================
test cases: 1 | 1 failed
assertions: 6 | 5 passed | 1 failed

<end of output>
Test time =   0.21 sec
----------------------------------------------------------
Test Failed.
"malloc_3.Reuse two blocks sizes large" end time: Jan 21 13:50 UTC
"malloc_3.Reuse two blocks sizes large" time elapsed: 00:00:00
----------------------------------------------------------

51/88 Testing: malloc_3.scalloc
51/88 Test: malloc_3.scalloc
Command: "/home/student/Desktop/OS/HW4/tests/os_hw4_tests (1)/build/tests/malloc_3_test" "scalloc"
Directory: /home/student/Desktop/OS/HW4/tests/os_hw4_tests (1)/build/tests
"malloc_3.scalloc" start time: Jan 21 13:50 UTC
Output:
----------------------------------------------------------
Filters: scalloc
Randomness seeded to: 3132370807

~~~~~~~~~~~~~~~~~~~~~~~~~~~~~~~~~~~~~~~~~~~~~~~~~~~~~~~~~~~~~~~~~~~~~~~~~~~~~~~
malloc_3_test is a Catch2 v3.0.1 host application.
Run with -? for options

-------------------------------------------------------------------------------
scalloc
-------------------------------------------------------------------------------
/home/student/Desktop/OS/HW4/tests/os_hw4_tests (1)/tests/malloc_3_test_scalloc.cpp:40
...............................................................................

/home/student/Desktop/OS/HW4/tests/os_hw4_tests (1)/tests/malloc_3_test_scalloc.cpp:40: FAILED:
  {Unknown expression after the reported line}
due to a fatal error condition:
  SIGSEGV - Segmentation violation signal

===============================================================================
test cases: 1 | 1 failed
assertions: 6 | 5 passed | 1 failed

<end of output>
Test time =   0.21 sec
----------------------------------------------------------
Test Failed.
"malloc_3.scalloc" end time: Jan 21 13:50 UTC
"malloc_3.scalloc" time elapsed: 00:00:00
----------------------------------------------------------

52/88 Testing: malloc_3.scalloc taint
52/88 Test: malloc_3.scalloc taint
Command: "/home/student/Desktop/OS/HW4/tests/os_hw4_tests (1)/build/tests/malloc_3_test" "scalloc taint"
Directory: /home/student/Desktop/OS/HW4/tests/os_hw4_tests (1)/build/tests
"malloc_3.scalloc taint" start time: Jan 21 13:50 UTC
Output:
----------------------------------------------------------
Filters: scalloc taint
Randomness seeded to: 1196742336

~~~~~~~~~~~~~~~~~~~~~~~~~~~~~~~~~~~~~~~~~~~~~~~~~~~~~~~~~~~~~~~~~~~~~~~~~~~~~~~
malloc_3_test is a Catch2 v3.0.1 host application.
Run with -? for options

-------------------------------------------------------------------------------
scalloc taint
-------------------------------------------------------------------------------
/home/student/Desktop/OS/HW4/tests/os_hw4_tests (1)/tests/malloc_3_test_scalloc.cpp:73
...............................................................................

/home/student/Desktop/OS/HW4/tests/os_hw4_tests (1)/tests/malloc_3_test_scalloc.cpp:73: FAILED:
  {Unknown expression after the reported line}
due to a fatal error condition:
  SIGSEGV - Segmentation violation signal

===============================================================================
test cases: 1 | 1 failed
assertions: 6 | 5 passed | 1 failed

<end of output>
Test time =   0.20 sec
----------------------------------------------------------
Test Failed.
"malloc_3.scalloc taint" end time: Jan 21 13:50 UTC
"malloc_3.scalloc taint" time elapsed: 00:00:00
----------------------------------------------------------

53/88 Testing: malloc_3.scalloc 0 size
53/88 Test: malloc_3.scalloc 0 size
Command: "/home/student/Desktop/OS/HW4/tests/os_hw4_tests (1)/build/tests/malloc_3_test" "scalloc 0 size"
Directory: /home/student/Desktop/OS/HW4/tests/os_hw4_tests (1)/build/tests
"malloc_3.scalloc 0 size" start time: Jan 21 13:50 UTC
Output:
----------------------------------------------------------
Filters: scalloc 0 size
Randomness seeded to: 1556804749
===============================================================================
All tests passed (21 assertions in 1 test case)

<end of output>
Test time =   0.00 sec
----------------------------------------------------------
Test Passed.
"malloc_3.scalloc 0 size" end time: Jan 21 13:50 UTC
"malloc_3.scalloc 0 size" time elapsed: 00:00:00
----------------------------------------------------------

54/88 Testing: malloc_3.scalloc Max size num
54/88 Test: malloc_3.scalloc Max size num
Command: "/home/student/Desktop/OS/HW4/tests/os_hw4_tests (1)/build/tests/malloc_3_test" "scalloc Max size num"
Directory: /home/student/Desktop/OS/HW4/tests/os_hw4_tests (1)/build/tests
"malloc_3.scalloc Max size num" start time: Jan 21 13:50 UTC
Output:
----------------------------------------------------------
Filters: scalloc Max size num
Randomness seeded to: 1786285586

~~~~~~~~~~~~~~~~~~~~~~~~~~~~~~~~~~~~~~~~~~~~~~~~~~~~~~~~~~~~~~~~~~~~~~~~~~~~~~~
malloc_3_test is a Catch2 v3.0.1 host application.
Run with -? for options

-------------------------------------------------------------------------------
scalloc Max size num
-------------------------------------------------------------------------------
/home/student/Desktop/OS/HW4/tests/os_hw4_tests (1)/tests/malloc_3_test_scalloc.cpp:131
...............................................................................

/home/student/Desktop/OS/HW4/tests/os_hw4_tests (1)/tests/malloc_3_test_scalloc.cpp:139: FAILED:
  REQUIRE( _num_allocated_bytes() == aligned_size((1e8)) )
with expansion:
  0 == 100000000 (0x5f5e100)

===============================================================================
test cases: 1 | 1 failed
assertions: 9 | 8 passed | 1 failed

<end of output>
Test time =   0.10 sec
----------------------------------------------------------
Test Failed.
"malloc_3.scalloc Max size num" end time: Jan 21 13:50 UTC
"malloc_3.scalloc Max size num" time elapsed: 00:00:00
----------------------------------------------------------

55/88 Testing: malloc_3.scalloc Max size size
55/88 Test: malloc_3.scalloc Max size size
Command: "/home/student/Desktop/OS/HW4/tests/os_hw4_tests (1)/build/tests/malloc_3_test" "scalloc Max size size"
Directory: /home/student/Desktop/OS/HW4/tests/os_hw4_tests (1)/build/tests
"malloc_3.scalloc Max size size" start time: Jan 21 13:50 UTC
Output:
----------------------------------------------------------
Filters: scalloc Max size size
Randomness seeded to: 2021238671

~~~~~~~~~~~~~~~~~~~~~~~~~~~~~~~~~~~~~~~~~~~~~~~~~~~~~~~~~~~~~~~~~~~~~~~~~~~~~~~
malloc_3_test is a Catch2 v3.0.1 host application.
Run with -? for options

-------------------------------------------------------------------------------
scalloc Max size size
-------------------------------------------------------------------------------
/home/student/Desktop/OS/HW4/tests/os_hw4_tests (1)/tests/malloc_3_test_scalloc.cpp:154
...............................................................................

/home/student/Desktop/OS/HW4/tests/os_hw4_tests (1)/tests/malloc_3_test_scalloc.cpp:162: FAILED:
  REQUIRE( _num_allocated_bytes() == aligned_size((1e8)) )
with expansion:
  0 == 100000000 (0x5f5e100)

===============================================================================
test cases: 1 | 1 failed
assertions: 9 | 8 passed | 1 failed

<end of output>
Test time =   0.08 sec
----------------------------------------------------------
Test Failed.
"malloc_3.scalloc Max size size" end time: Jan 21 13:50 UTC
"malloc_3.scalloc Max size size" time elapsed: 00:00:00
----------------------------------------------------------

56/88 Testing: malloc_3.scalloc Max size both
56/88 Test: malloc_3.scalloc Max size both
Command: "/home/student/Desktop/OS/HW4/tests/os_hw4_tests (1)/build/tests/malloc_3_test" "scalloc Max size both"
Directory: /home/student/Desktop/OS/HW4/tests/os_hw4_tests (1)/build/tests
"malloc_3.scalloc Max size both" start time: Jan 21 13:50 UTC
Output:
----------------------------------------------------------
Filters: scalloc Max size both
Randomness seeded to: 676652971

~~~~~~~~~~~~~~~~~~~~~~~~~~~~~~~~~~~~~~~~~~~~~~~~~~~~~~~~~~~~~~~~~~~~~~~~~~~~~~~
malloc_3_test is a Catch2 v3.0.1 host application.
Run with -? for options

-------------------------------------------------------------------------------
scalloc Max size both
-------------------------------------------------------------------------------
/home/student/Desktop/OS/HW4/tests/os_hw4_tests (1)/tests/malloc_3_test_scalloc.cpp:177
...............................................................................

/home/student/Desktop/OS/HW4/tests/os_hw4_tests (1)/tests/malloc_3_test_scalloc.cpp:185: FAILED:
  REQUIRE( _num_allocated_bytes() == aligned_size((1e8)) )
with expansion:
  0 == 100000000 (0x5f5e100)

===============================================================================
test cases: 1 | 1 failed
assertions: 9 | 8 passed | 1 failed

<end of output>
Test time =   0.08 sec
----------------------------------------------------------
Test Failed.
"malloc_3.scalloc Max size both" end time: Jan 21 13:50 UTC
"malloc_3.scalloc Max size both" time elapsed: 00:00:00
----------------------------------------------------------

57/88 Testing: malloc_3.Split block
57/88 Test: malloc_3.Split block
Command: "/home/student/Desktop/OS/HW4/tests/os_hw4_tests (1)/build/tests/malloc_3_test" "Split block"
Directory: /home/student/Desktop/OS/HW4/tests/os_hw4_tests (1)/build/tests
"malloc_3.Split block" start time: Jan 21 13:50 UTC
Output:
----------------------------------------------------------
Filters: Split block
Randomness seeded to: 783363827

~~~~~~~~~~~~~~~~~~~~~~~~~~~~~~~~~~~~~~~~~~~~~~~~~~~~~~~~~~~~~~~~~~~~~~~~~~~~~~~
malloc_3_test is a Catch2 v3.0.1 host application.
Run with -? for options

-------------------------------------------------------------------------------
Split block
-------------------------------------------------------------------------------
/home/student/Desktop/OS/HW4/tests/os_hw4_tests (1)/tests/malloc_3_test_split_and_merge.cpp:40
...............................................................................

/home/student/Desktop/OS/HW4/tests/os_hw4_tests (1)/tests/malloc_3_test_split_and_merge.cpp:40: FAILED:
  {Unknown expression after the reported line}
due to a fatal error condition:
  SIGSEGV - Segmentation violation signal

===============================================================================
test cases: 1 | 1 failed
assertions: 6 | 5 passed | 1 failed

<end of output>
Test time =   0.28 sec
----------------------------------------------------------
Test Failed.
"malloc_3.Split block" end time: Jan 21 13:50 UTC
"malloc_3.Split block" time elapsed: 00:00:00
----------------------------------------------------------

58/88 Testing: malloc_3.Split block under threshold
58/88 Test: malloc_3.Split block under threshold
Command: "/home/student/Desktop/OS/HW4/tests/os_hw4_tests (1)/build/tests/malloc_3_test" "Split block under threshold"
Directory: /home/student/Desktop/OS/HW4/tests/os_hw4_tests (1)/build/tests
"malloc_3.Split block under threshold" start time: Jan 21 13:50 UTC
Output:
----------------------------------------------------------
Filters: Split block under threshold
Randomness seeded to: 1933464905

~~~~~~~~~~~~~~~~~~~~~~~~~~~~~~~~~~~~~~~~~~~~~~~~~~~~~~~~~~~~~~~~~~~~~~~~~~~~~~~
malloc_3_test is a Catch2 v3.0.1 host application.
Run with -? for options

-------------------------------------------------------------------------------
Split block under threshold
-------------------------------------------------------------------------------
/home/student/Desktop/OS/HW4/tests/os_hw4_tests (1)/tests/malloc_3_test_split_and_merge.cpp:64
...............................................................................

/home/student/Desktop/OS/HW4/tests/os_hw4_tests (1)/tests/malloc_3_test_split_and_merge.cpp:64: FAILED:
  {Unknown expression after the reported line}
due to a fatal error condition:
  SIGSEGV - Segmentation violation signal

===============================================================================
test cases: 1 | 1 failed
assertions: 6 | 5 passed | 1 failed

<end of output>
Test time =   0.22 sec
----------------------------------------------------------
Test Failed.
"malloc_3.Split block under threshold" end time: Jan 21 13:50 UTC
"malloc_3.Split block under threshold" time elapsed: 00:00:00
----------------------------------------------------------

59/88 Testing: malloc_3.Split block threshold
59/88 Test: malloc_3.Split block threshold
Command: "/home/student/Desktop/OS/HW4/tests/os_hw4_tests (1)/build/tests/malloc_3_test" "Split block threshold"
Directory: /home/student/Desktop/OS/HW4/tests/os_hw4_tests (1)/build/tests
"malloc_3.Split block threshold" start time: Jan 21 13:50 UTC
Output:
----------------------------------------------------------
Filters: Split block threshold
Randomness seeded to: 3284755227

~~~~~~~~~~~~~~~~~~~~~~~~~~~~~~~~~~~~~~~~~~~~~~~~~~~~~~~~~~~~~~~~~~~~~~~~~~~~~~~
malloc_3_test is a Catch2 v3.0.1 host application.
Run with -? for options

-------------------------------------------------------------------------------
Split block threshold
-------------------------------------------------------------------------------
/home/student/Desktop/OS/HW4/tests/os_hw4_tests (1)/tests/malloc_3_test_split_and_merge.cpp:88
...............................................................................

/home/student/Desktop/OS/HW4/tests/os_hw4_tests (1)/tests/malloc_3_test_split_and_merge.cpp:88: FAILED:
  {Unknown expression after the reported line}
due to a fatal error condition:
  SIGSEGV - Segmentation violation signal

===============================================================================
test cases: 1 | 1 failed
assertions: 6 | 5 passed | 1 failed

<end of output>
Test time =   0.20 sec
----------------------------------------------------------
Test Failed.
"malloc_3.Split block threshold" end time: Jan 21 13:50 UTC
"malloc_3.Split block threshold" time elapsed: 00:00:00
----------------------------------------------------------

60/88 Testing: malloc_3.Merge with prev block
60/88 Test: malloc_3.Merge with prev block
Command: "/home/student/Desktop/OS/HW4/tests/os_hw4_tests (1)/build/tests/malloc_3_test" "Merge with prev block"
Directory: /home/student/Desktop/OS/HW4/tests/os_hw4_tests (1)/build/tests
"malloc_3.Merge with prev block" start time: Jan 21 13:50 UTC
Output:
----------------------------------------------------------
Filters: Merge with prev block
Randomness seeded to: 2951035254

~~~~~~~~~~~~~~~~~~~~~~~~~~~~~~~~~~~~~~~~~~~~~~~~~~~~~~~~~~~~~~~~~~~~~~~~~~~~~~~
malloc_3_test is a Catch2 v3.0.1 host application.
Run with -? for options

-------------------------------------------------------------------------------
Merge with prev block
-------------------------------------------------------------------------------
/home/student/Desktop/OS/HW4/tests/os_hw4_tests (1)/tests/malloc_3_test_split_and_merge.cpp:112
...............................................................................

/home/student/Desktop/OS/HW4/tests/os_hw4_tests (1)/tests/malloc_3_test_split_and_merge.cpp:112: FAILED:
  {Unknown expression after the reported line}
due to a fatal error condition:
  SIGSEGV - Segmentation violation signal

===============================================================================
test cases: 1 | 1 failed
assertions: 6 | 5 passed | 1 failed

<end of output>
Test time =   0.21 sec
----------------------------------------------------------
Test Failed.
"malloc_3.Merge with prev block" end time: Jan 21 13:50 UTC
"malloc_3.Merge with prev block" time elapsed: 00:00:00
----------------------------------------------------------

61/88 Testing: malloc_3.Merge with prev block pad
61/88 Test: malloc_3.Merge with prev block pad
Command: "/home/student/Desktop/OS/HW4/tests/os_hw4_tests (1)/build/tests/malloc_3_test" "Merge with prev block pad"
Directory: /home/student/Desktop/OS/HW4/tests/os_hw4_tests (1)/build/tests
"malloc_3.Merge with prev block pad" start time: Jan 21 13:50 UTC
Output:
----------------------------------------------------------
Filters: Merge with prev block pad
Randomness seeded to: 3424332601

~~~~~~~~~~~~~~~~~~~~~~~~~~~~~~~~~~~~~~~~~~~~~~~~~~~~~~~~~~~~~~~~~~~~~~~~~~~~~~~
malloc_3_test is a Catch2 v3.0.1 host application.
Run with -? for options

-------------------------------------------------------------------------------
Merge with prev block pad
-------------------------------------------------------------------------------
/home/student/Desktop/OS/HW4/tests/os_hw4_tests (1)/tests/malloc_3_test_split_and_merge.cpp:136
...............................................................................

/home/student/Desktop/OS/HW4/tests/os_hw4_tests (1)/tests/malloc_3_test_split_and_merge.cpp:136: FAILED:
  {Unknown expression after the reported line}
due to a fatal error condition:
  SIGSEGV - Segmentation violation signal

===============================================================================
test cases: 1 | 1 failed
assertions: 6 | 5 passed | 1 failed

<end of output>
Test time =   0.22 sec
----------------------------------------------------------
Test Failed.
"malloc_3.Merge with prev block pad" end time: Jan 21 13:50 UTC
"malloc_3.Merge with prev block pad" time elapsed: 00:00:00
----------------------------------------------------------

62/88 Testing: malloc_3.Merge with next block
62/88 Test: malloc_3.Merge with next block
Command: "/home/student/Desktop/OS/HW4/tests/os_hw4_tests (1)/build/tests/malloc_3_test" "Merge with next block"
Directory: /home/student/Desktop/OS/HW4/tests/os_hw4_tests (1)/build/tests
"malloc_3.Merge with next block" start time: Jan 21 13:50 UTC
Output:
----------------------------------------------------------
Filters: Merge with next block
Randomness seeded to: 1170956256

~~~~~~~~~~~~~~~~~~~~~~~~~~~~~~~~~~~~~~~~~~~~~~~~~~~~~~~~~~~~~~~~~~~~~~~~~~~~~~~
malloc_3_test is a Catch2 v3.0.1 host application.
Run with -? for options

-------------------------------------------------------------------------------
Merge with next block
-------------------------------------------------------------------------------
/home/student/Desktop/OS/HW4/tests/os_hw4_tests (1)/tests/malloc_3_test_split_and_merge.cpp:179
...............................................................................

/home/student/Desktop/OS/HW4/tests/os_hw4_tests (1)/tests/malloc_3_test_split_and_merge.cpp:179: FAILED:
  {Unknown expression after the reported line}
due to a fatal error condition:
  SIGSEGV - Segmentation violation signal

===============================================================================
test cases: 1 | 1 failed
assertions: 6 | 5 passed | 1 failed

<end of output>
Test time =   0.23 sec
----------------------------------------------------------
Test Failed.
"malloc_3.Merge with next block" end time: Jan 21 13:50 UTC
"malloc_3.Merge with next block" time elapsed: 00:00:00
----------------------------------------------------------

63/88 Testing: malloc_3.Merge with next block pad
63/88 Test: malloc_3.Merge with next block pad
Command: "/home/student/Desktop/OS/HW4/tests/os_hw4_tests (1)/build/tests/malloc_3_test" "Merge with next block pad"
Directory: /home/student/Desktop/OS/HW4/tests/os_hw4_tests (1)/build/tests
"malloc_3.Merge with next block pad" start time: Jan 21 13:50 UTC
Output:
----------------------------------------------------------
Filters: Merge with next block pad
Randomness seeded to: 3306011096

~~~~~~~~~~~~~~~~~~~~~~~~~~~~~~~~~~~~~~~~~~~~~~~~~~~~~~~~~~~~~~~~~~~~~~~~~~~~~~~
malloc_3_test is a Catch2 v3.0.1 host application.
Run with -? for options

-------------------------------------------------------------------------------
Merge with next block pad
-------------------------------------------------------------------------------
/home/student/Desktop/OS/HW4/tests/os_hw4_tests (1)/tests/malloc_3_test_split_and_merge.cpp:203
...............................................................................

/home/student/Desktop/OS/HW4/tests/os_hw4_tests (1)/tests/malloc_3_test_split_and_merge.cpp:203: FAILED:
  {Unknown expression after the reported line}
due to a fatal error condition:
  SIGSEGV - Segmentation violation signal

===============================================================================
test cases: 1 | 1 failed
assertions: 6 | 5 passed | 1 failed

<end of output>
Test time =   0.21 sec
----------------------------------------------------------
Test Failed.
"malloc_3.Merge with next block pad" end time: Jan 21 13:50 UTC
"malloc_3.Merge with next block pad" time elapsed: 00:00:00
----------------------------------------------------------

64/88 Testing: malloc_3.Merge with both blocks
64/88 Test: malloc_3.Merge with both blocks
Command: "/home/student/Desktop/OS/HW4/tests/os_hw4_tests (1)/build/tests/malloc_3_test" "Merge with both blocks"
Directory: /home/student/Desktop/OS/HW4/tests/os_hw4_tests (1)/build/tests
"malloc_3.Merge with both blocks" start time: Jan 21 13:50 UTC
Output:
----------------------------------------------------------
Filters: Merge with both blocks
Randomness seeded to: 2276855899

~~~~~~~~~~~~~~~~~~~~~~~~~~~~~~~~~~~~~~~~~~~~~~~~~~~~~~~~~~~~~~~~~~~~~~~~~~~~~~~
malloc_3_test is a Catch2 v3.0.1 host application.
Run with -? for options

-------------------------------------------------------------------------------
Merge with both blocks
-------------------------------------------------------------------------------
/home/student/Desktop/OS/HW4/tests/os_hw4_tests (1)/tests/malloc_3_test_split_and_merge.cpp:246
...............................................................................

/home/student/Desktop/OS/HW4/tests/os_hw4_tests (1)/tests/malloc_3_test_split_and_merge.cpp:246: FAILED:
  {Unknown expression after the reported line}
due to a fatal error condition:
  SIGSEGV - Segmentation violation signal

===============================================================================
test cases: 1 | 1 failed
assertions: 6 | 5 passed | 1 failed

<end of output>
Test time =   0.21 sec
----------------------------------------------------------
Test Failed.
"malloc_3.Merge with both blocks" end time: Jan 21 13:50 UTC
"malloc_3.Merge with both blocks" time elapsed: 00:00:00
----------------------------------------------------------

65/88 Testing: malloc_3.Merge with both blocks pad
65/88 Test: malloc_3.Merge with both blocks pad
Command: "/home/student/Desktop/OS/HW4/tests/os_hw4_tests (1)/build/tests/malloc_3_test" "Merge with both blocks pad"
Directory: /home/student/Desktop/OS/HW4/tests/os_hw4_tests (1)/build/tests
"malloc_3.Merge with both blocks pad" start time: Jan 21 13:50 UTC
Output:
----------------------------------------------------------
Filters: Merge with both blocks pad
Randomness seeded to: 3009948378

~~~~~~~~~~~~~~~~~~~~~~~~~~~~~~~~~~~~~~~~~~~~~~~~~~~~~~~~~~~~~~~~~~~~~~~~~~~~~~~
malloc_3_test is a Catch2 v3.0.1 host application.
Run with -? for options

-------------------------------------------------------------------------------
Merge with both blocks pad
-------------------------------------------------------------------------------
/home/student/Desktop/OS/HW4/tests/os_hw4_tests (1)/tests/malloc_3_test_split_and_merge.cpp:281
...............................................................................

/home/student/Desktop/OS/HW4/tests/os_hw4_tests (1)/tests/malloc_3_test_split_and_merge.cpp:281: FAILED:
  {Unknown expression after the reported line}
due to a fatal error condition:
  SIGSEGV - Segmentation violation signal

===============================================================================
test cases: 1 | 1 failed
assertions: 6 | 5 passed | 1 failed

<end of output>
Test time =   0.21 sec
----------------------------------------------------------
Test Failed.
"malloc_3.Merge with both blocks pad" end time: Jan 21 13:50 UTC
"malloc_3.Merge with both blocks pad" time elapsed: 00:00:00
----------------------------------------------------------

66/88 Testing: malloc_3.realloc
66/88 Test: malloc_3.realloc
Command: "/home/student/Desktop/OS/HW4/tests/os_hw4_tests (1)/build/tests/malloc_3_test" "realloc"
Directory: /home/student/Desktop/OS/HW4/tests/os_hw4_tests (1)/build/tests
"malloc_3.realloc" start time: Jan 21 13:50 UTC
Output:
----------------------------------------------------------
Filters: realloc
Randomness seeded to: 747096529

~~~~~~~~~~~~~~~~~~~~~~~~~~~~~~~~~~~~~~~~~~~~~~~~~~~~~~~~~~~~~~~~~~~~~~~~~~~~~~~
malloc_3_test is a Catch2 v3.0.1 host application.
Run with -? for options

-------------------------------------------------------------------------------
realloc
-------------------------------------------------------------------------------
/home/student/Desktop/OS/HW4/tests/os_hw4_tests (1)/tests/malloc_3_test_srealloc.cpp:40
...............................................................................

/home/student/Desktop/OS/HW4/tests/os_hw4_tests (1)/tests/malloc_3_test_srealloc.cpp:40: FAILED:
  {Unknown expression after the reported line}
due to a fatal error condition:
  SIGSEGV - Segmentation violation signal

===============================================================================
test cases: 1 | 1 failed
assertions: 6 | 5 passed | 1 failed

<end of output>
Test time =   0.21 sec
----------------------------------------------------------
Test Failed.
"malloc_3.realloc" end time: Jan 21 13:50 UTC
"malloc_3.realloc" time elapsed: 00:00:00
----------------------------------------------------------

67/88 Testing: malloc_3.realloc shrink
67/88 Test: malloc_3.realloc shrink
Command: "/home/student/Desktop/OS/HW4/tests/os_hw4_tests (1)/build/tests/malloc_3_test" "realloc shrink"
Directory: /home/student/Desktop/OS/HW4/tests/os_hw4_tests (1)/build/tests
"malloc_3.realloc shrink" start time: Jan 21 13:50 UTC
Output:
----------------------------------------------------------
Filters: realloc shrink
Randomness seeded to: 4270426397

~~~~~~~~~~~~~~~~~~~~~~~~~~~~~~~~~~~~~~~~~~~~~~~~~~~~~~~~~~~~~~~~~~~~~~~~~~~~~~~
malloc_3_test is a Catch2 v3.0.1 host application.
Run with -? for options

-------------------------------------------------------------------------------
realloc shrink
-------------------------------------------------------------------------------
/home/student/Desktop/OS/HW4/tests/os_hw4_tests (1)/tests/malloc_3_test_srealloc.cpp:72
...............................................................................

/home/student/Desktop/OS/HW4/tests/os_hw4_tests (1)/tests/malloc_3_test_srealloc.cpp:72: FAILED:
  {Unknown expression after the reported line}
due to a fatal error condition:
  SIGSEGV - Segmentation violation signal

===============================================================================
test cases: 1 | 1 failed
assertions: 6 | 5 passed | 1 failed

<end of output>
Test time =   0.19 sec
----------------------------------------------------------
Test Failed.
"malloc_3.realloc shrink" end time: Jan 21 13:50 UTC
"malloc_3.realloc shrink" time elapsed: 00:00:00
----------------------------------------------------------

68/88 Testing: malloc_3.srealloc Max size
68/88 Test: malloc_3.srealloc Max size
Command: "/home/student/Desktop/OS/HW4/tests/os_hw4_tests (1)/build/tests/malloc_3_test" "srealloc Max size"
Directory: /home/student/Desktop/OS/HW4/tests/os_hw4_tests (1)/build/tests
"malloc_3.srealloc Max size" start time: Jan 21 13:50 UTC
Output:
----------------------------------------------------------
Filters: srealloc Max size
Randomness seeded to: 930549866

~~~~~~~~~~~~~~~~~~~~~~~~~~~~~~~~~~~~~~~~~~~~~~~~~~~~~~~~~~~~~~~~~~~~~~~~~~~~~~~
malloc_3_test is a Catch2 v3.0.1 host application.
Run with -? for options

-------------------------------------------------------------------------------
srealloc Max size
-------------------------------------------------------------------------------
/home/student/Desktop/OS/HW4/tests/os_hw4_tests (1)/tests/malloc_3_test_srealloc.cpp:104
...............................................................................

/home/student/Desktop/OS/HW4/tests/os_hw4_tests (1)/tests/malloc_3_test_srealloc.cpp:112: FAILED:
  REQUIRE( _num_allocated_bytes() == aligned_size((1e8)) )
with expansion:
  0 == 100000000 (0x5f5e100)

===============================================================================
test cases: 1 | 1 failed
assertions: 9 | 8 passed | 1 failed

<end of output>
Test time =   0.00 sec
----------------------------------------------------------
Test Failed.
"malloc_3.srealloc Max size" end time: Jan 21 13:50 UTC
"malloc_3.srealloc Max size" time elapsed: 00:00:00
----------------------------------------------------------

69/88 Testing: malloc_3.srealloc case a
69/88 Test: malloc_3.srealloc case a
Command: "/home/student/Desktop/OS/HW4/tests/os_hw4_tests (1)/build/tests/malloc_3_test" "srealloc case a"
Directory: /home/student/Desktop/OS/HW4/tests/os_hw4_tests (1)/build/tests
"malloc_3.srealloc case a" start time: Jan 21 13:50 UTC
Output:
----------------------------------------------------------
Filters: srealloc case a
Randomness seeded to: 3115899434

~~~~~~~~~~~~~~~~~~~~~~~~~~~~~~~~~~~~~~~~~~~~~~~~~~~~~~~~~~~~~~~~~~~~~~~~~~~~~~~
malloc_3_test is a Catch2 v3.0.1 host application.
Run with -? for options

-------------------------------------------------------------------------------
srealloc case a
-------------------------------------------------------------------------------
/home/student/Desktop/OS/HW4/tests/os_hw4_tests (1)/tests/malloc_3_test_srealloc_cases.cpp:58
...............................................................................

/home/student/Desktop/OS/HW4/tests/os_hw4_tests (1)/tests/malloc_3_test_srealloc_cases.cpp:58: FAILED:
  {Unknown expression after the reported line}
due to a fatal error condition:
  SIGSEGV - Segmentation violation signal

===============================================================================
test cases: 1 | 1 failed
assertions: 6 | 5 passed | 1 failed

<end of output>
Test time =   0.20 sec
----------------------------------------------------------
Test Failed.
"malloc_3.srealloc case a" end time: Jan 21 13:50 UTC
"malloc_3.srealloc case a" time elapsed: 00:00:00
----------------------------------------------------------

70/88 Testing: malloc_3.srealloc case a split
70/88 Test: malloc_3.srealloc case a split
Command: "/home/student/Desktop/OS/HW4/tests/os_hw4_tests (1)/build/tests/malloc_3_test" "srealloc case a split"
Directory: /home/student/Desktop/OS/HW4/tests/os_hw4_tests (1)/build/tests
"malloc_3.srealloc case a split" start time: Jan 21 13:50 UTC
Output:
----------------------------------------------------------
Filters: srealloc case a split
Randomness seeded to: 1855095485

~~~~~~~~~~~~~~~~~~~~~~~~~~~~~~~~~~~~~~~~~~~~~~~~~~~~~~~~~~~~~~~~~~~~~~~~~~~~~~~
malloc_3_test is a Catch2 v3.0.1 host application.
Run with -? for options

-------------------------------------------------------------------------------
srealloc case a split
-------------------------------------------------------------------------------
/home/student/Desktop/OS/HW4/tests/os_hw4_tests (1)/tests/malloc_3_test_srealloc_cases.cpp:98
...............................................................................

/home/student/Desktop/OS/HW4/tests/os_hw4_tests (1)/tests/malloc_3_test_srealloc_cases.cpp:98: FAILED:
  {Unknown expression after the reported line}
due to a fatal error condition:
  SIGSEGV - Segmentation violation signal

===============================================================================
test cases: 1 | 1 failed
assertions: 6 | 5 passed | 1 failed

<end of output>
Test time =   0.26 sec
----------------------------------------------------------
Test Failed.
"malloc_3.srealloc case a split" end time: Jan 21 13:50 UTC
"malloc_3.srealloc case a split" time elapsed: 00:00:00
----------------------------------------------------------

71/88 Testing: malloc_3.srealloc case a mmap
71/88 Test: malloc_3.srealloc case a mmap
Command: "/home/student/Desktop/OS/HW4/tests/os_hw4_tests (1)/build/tests/malloc_3_test" "srealloc case a mmap"
Directory: /home/student/Desktop/OS/HW4/tests/os_hw4_tests (1)/build/tests
"malloc_3.srealloc case a mmap" start time: Jan 21 13:50 UTC
Output:
----------------------------------------------------------
Filters: srealloc case a mmap
Randomness seeded to: 2103409950

~~~~~~~~~~~~~~~~~~~~~~~~~~~~~~~~~~~~~~~~~~~~~~~~~~~~~~~~~~~~~~~~~~~~~~~~~~~~~~~
malloc_3_test is a Catch2 v3.0.1 host application.
Run with -? for options

-------------------------------------------------------------------------------
srealloc case a mmap
-------------------------------------------------------------------------------
/home/student/Desktop/OS/HW4/tests/os_hw4_tests (1)/tests/malloc_3_test_srealloc_cases.cpp:121
...............................................................................

/home/student/Desktop/OS/HW4/tests/os_hw4_tests (1)/tests/malloc_3_test_srealloc_cases.cpp:128: FAILED:
  REQUIRE( _num_allocated_bytes() == aligned_size((128 * 1024)) )
with expansion:
  0 == 131072 (0x20000)

===============================================================================
test cases: 1 | 1 failed
assertions: 8 | 7 passed | 1 failed

<end of output>
Test time =   0.01 sec
----------------------------------------------------------
Test Failed.
"malloc_3.srealloc case a mmap" end time: Jan 21 13:50 UTC
"malloc_3.srealloc case a mmap" time elapsed: 00:00:00
----------------------------------------------------------

72/88 Testing: malloc_3.srealloc case b
72/88 Test: malloc_3.srealloc case b
Command: "/home/student/Desktop/OS/HW4/tests/os_hw4_tests (1)/build/tests/malloc_3_test" "srealloc case b"
Directory: /home/student/Desktop/OS/HW4/tests/os_hw4_tests (1)/build/tests
"malloc_3.srealloc case b" start time: Jan 21 13:50 UTC
Output:
----------------------------------------------------------
Filters: srealloc case b
Randomness seeded to: 3179991651

~~~~~~~~~~~~~~~~~~~~~~~~~~~~~~~~~~~~~~~~~~~~~~~~~~~~~~~~~~~~~~~~~~~~~~~~~~~~~~~
malloc_3_test is a Catch2 v3.0.1 host application.
Run with -? for options

-------------------------------------------------------------------------------
srealloc case b
-------------------------------------------------------------------------------
/home/student/Desktop/OS/HW4/tests/os_hw4_tests (1)/tests/malloc_3_test_srealloc_cases.cpp:151
...............................................................................

/home/student/Desktop/OS/HW4/tests/os_hw4_tests (1)/tests/malloc_3_test_srealloc_cases.cpp:151: FAILED:
  {Unknown expression after the reported line}
due to a fatal error condition:
  SIGSEGV - Segmentation violation signal

===============================================================================
test cases: 1 | 1 failed
assertions: 6 | 5 passed | 1 failed

<end of output>
Test time =   0.25 sec
----------------------------------------------------------
Test Failed.
"malloc_3.srealloc case b" end time: Jan 21 13:50 UTC
"malloc_3.srealloc case b" time elapsed: 00:00:00
----------------------------------------------------------

73/88 Testing: malloc_3.srealloc case b metadata
73/88 Test: malloc_3.srealloc case b metadata
Command: "/home/student/Desktop/OS/HW4/tests/os_hw4_tests (1)/build/tests/malloc_3_test" "srealloc case b metadata"
Directory: /home/student/Desktop/OS/HW4/tests/os_hw4_tests (1)/build/tests
"malloc_3.srealloc case b metadata" start time: Jan 21 13:50 UTC
Output:
----------------------------------------------------------
Filters: srealloc case b metadata
Randomness seeded to: 2643922303

~~~~~~~~~~~~~~~~~~~~~~~~~~~~~~~~~~~~~~~~~~~~~~~~~~~~~~~~~~~~~~~~~~~~~~~~~~~~~~~
malloc_3_test is a Catch2 v3.0.1 host application.
Run with -? for options

-------------------------------------------------------------------------------
srealloc case b metadata
-------------------------------------------------------------------------------
/home/student/Desktop/OS/HW4/tests/os_hw4_tests (1)/tests/malloc_3_test_srealloc_cases.cpp:190
...............................................................................

/home/student/Desktop/OS/HW4/tests/os_hw4_tests (1)/tests/malloc_3_test_srealloc_cases.cpp:190: FAILED:
  {Unknown expression after the reported line}
due to a fatal error condition:
  SIGSEGV - Segmentation violation signal

===============================================================================
test cases: 1 | 1 failed
assertions: 6 | 5 passed | 1 failed

<end of output>
Test time =   0.23 sec
----------------------------------------------------------
Test Failed.
"malloc_3.srealloc case b metadata" end time: Jan 21 13:50 UTC
"malloc_3.srealloc case b metadata" time elapsed: 00:00:00
----------------------------------------------------------

74/88 Testing: malloc_3.srealloc case b split
74/88 Test: malloc_3.srealloc case b split
Command: "/home/student/Desktop/OS/HW4/tests/os_hw4_tests (1)/build/tests/malloc_3_test" "srealloc case b split"
Directory: /home/student/Desktop/OS/HW4/tests/os_hw4_tests (1)/build/tests
"malloc_3.srealloc case b split" start time: Jan 21 13:50 UTC
Output:
----------------------------------------------------------
Filters: srealloc case b split
Randomness seeded to: 3574954427

~~~~~~~~~~~~~~~~~~~~~~~~~~~~~~~~~~~~~~~~~~~~~~~~~~~~~~~~~~~~~~~~~~~~~~~~~~~~~~~
malloc_3_test is a Catch2 v3.0.1 host application.
Run with -? for options

-------------------------------------------------------------------------------
srealloc case b split
-------------------------------------------------------------------------------
/home/student/Desktop/OS/HW4/tests/os_hw4_tests (1)/tests/malloc_3_test_srealloc_cases.cpp:222
...............................................................................

/home/student/Desktop/OS/HW4/tests/os_hw4_tests (1)/tests/malloc_3_test_srealloc_cases.cpp:222: FAILED:
  {Unknown expression after the reported line}
due to a fatal error condition:
  SIGSEGV - Segmentation violation signal

===============================================================================
test cases: 1 | 1 failed
assertions: 6 | 5 passed | 1 failed

<end of output>
Test time =   0.20 sec
----------------------------------------------------------
Test Failed.
"malloc_3.srealloc case b split" end time: Jan 21 13:50 UTC
"malloc_3.srealloc case b split" time elapsed: 00:00:00
----------------------------------------------------------

75/88 Testing: malloc_3.srealloc case b wilderness
75/88 Test: malloc_3.srealloc case b wilderness
Command: "/home/student/Desktop/OS/HW4/tests/os_hw4_tests (1)/build/tests/malloc_3_test" "srealloc case b wilderness"
Directory: /home/student/Desktop/OS/HW4/tests/os_hw4_tests (1)/build/tests
"malloc_3.srealloc case b wilderness" start time: Jan 21 13:50 UTC
Output:
----------------------------------------------------------
Filters: srealloc case b wilderness
Randomness seeded to: 3756083699

~~~~~~~~~~~~~~~~~~~~~~~~~~~~~~~~~~~~~~~~~~~~~~~~~~~~~~~~~~~~~~~~~~~~~~~~~~~~~~~
malloc_3_test is a Catch2 v3.0.1 host application.
Run with -? for options

-------------------------------------------------------------------------------
srealloc case b wilderness
-------------------------------------------------------------------------------
/home/student/Desktop/OS/HW4/tests/os_hw4_tests (1)/tests/malloc_3_test_srealloc_cases.cpp:255
...............................................................................

/home/student/Desktop/OS/HW4/tests/os_hw4_tests (1)/tests/malloc_3_test_srealloc_cases.cpp:255: FAILED:
  {Unknown expression after the reported line}
due to a fatal error condition:
  SIGSEGV - Segmentation violation signal

===============================================================================
test cases: 1 | 1 failed
assertions: 6 | 5 passed | 1 failed

<end of output>
Test time =   0.22 sec
----------------------------------------------------------
Test Failed.
"malloc_3.srealloc case b wilderness" end time: Jan 21 13:50 UTC
"malloc_3.srealloc case b wilderness" time elapsed: 00:00:00
----------------------------------------------------------

76/88 Testing: malloc_3.srealloc case b wilderness 2
76/88 Test: malloc_3.srealloc case b wilderness 2
Command: "/home/student/Desktop/OS/HW4/tests/os_hw4_tests (1)/build/tests/malloc_3_test" "srealloc case b wilderness 2"
Directory: /home/student/Desktop/OS/HW4/tests/os_hw4_tests (1)/build/tests
"malloc_3.srealloc case b wilderness 2" start time: Jan 21 13:50 UTC
Output:
----------------------------------------------------------
Filters: srealloc case b wilderness 2
Randomness seeded to: 539646042

~~~~~~~~~~~~~~~~~~~~~~~~~~~~~~~~~~~~~~~~~~~~~~~~~~~~~~~~~~~~~~~~~~~~~~~~~~~~~~~
malloc_3_test is a Catch2 v3.0.1 host application.
Run with -? for options

-------------------------------------------------------------------------------
srealloc case b wilderness 2
-------------------------------------------------------------------------------
/home/student/Desktop/OS/HW4/tests/os_hw4_tests (1)/tests/malloc_3_test_srealloc_cases.cpp:284
...............................................................................

/home/student/Desktop/OS/HW4/tests/os_hw4_tests (1)/tests/malloc_3_test_srealloc_cases.cpp:284: FAILED:
  {Unknown expression after the reported line}
due to a fatal error condition:
  SIGSEGV - Segmentation violation signal

===============================================================================
test cases: 1 | 1 failed
assertions: 6 | 5 passed | 1 failed

<end of output>
Test time =   0.20 sec
----------------------------------------------------------
Test Failed.
"malloc_3.srealloc case b wilderness 2" end time: Jan 21 13:50 UTC
"malloc_3.srealloc case b wilderness 2" time elapsed: 00:00:00
----------------------------------------------------------

77/88 Testing: malloc_3.srealloc case c
77/88 Test: malloc_3.srealloc case c
Command: "/home/student/Desktop/OS/HW4/tests/os_hw4_tests (1)/build/tests/malloc_3_test" "srealloc case c"
Directory: /home/student/Desktop/OS/HW4/tests/os_hw4_tests (1)/build/tests
"malloc_3.srealloc case c" start time: Jan 21 13:50 UTC
Output:
----------------------------------------------------------
Filters: srealloc case c
Randomness seeded to: 338152761

~~~~~~~~~~~~~~~~~~~~~~~~~~~~~~~~~~~~~~~~~~~~~~~~~~~~~~~~~~~~~~~~~~~~~~~~~~~~~~~
malloc_3_test is a Catch2 v3.0.1 host application.
Run with -? for options

-------------------------------------------------------------------------------
srealloc case c
-------------------------------------------------------------------------------
/home/student/Desktop/OS/HW4/tests/os_hw4_tests (1)/tests/malloc_3_test_srealloc_cases.cpp:313
...............................................................................

/home/student/Desktop/OS/HW4/tests/os_hw4_tests (1)/tests/malloc_3_test_srealloc_cases.cpp:313: FAILED:
  {Unknown expression after the reported line}
due to a fatal error condition:
  SIGSEGV - Segmentation violation signal

===============================================================================
test cases: 1 | 1 failed
assertions: 6 | 5 passed | 1 failed

<end of output>
Test time =   0.22 sec
----------------------------------------------------------
Test Failed.
"malloc_3.srealloc case c" end time: Jan 21 13:50 UTC
"malloc_3.srealloc case c" time elapsed: 00:00:00
----------------------------------------------------------

78/88 Testing: malloc_3.srealloc case c 2
78/88 Test: malloc_3.srealloc case c 2
Command: "/home/student/Desktop/OS/HW4/tests/os_hw4_tests (1)/build/tests/malloc_3_test" "srealloc case c 2"
Directory: /home/student/Desktop/OS/HW4/tests/os_hw4_tests (1)/build/tests
"malloc_3.srealloc case c 2" start time: Jan 21 13:50 UTC
Output:
----------------------------------------------------------
Filters: srealloc case c 2
Randomness seeded to: 72184880

~~~~~~~~~~~~~~~~~~~~~~~~~~~~~~~~~~~~~~~~~~~~~~~~~~~~~~~~~~~~~~~~~~~~~~~~~~~~~~~
malloc_3_test is a Catch2 v3.0.1 host application.
Run with -? for options

-------------------------------------------------------------------------------
srealloc case c 2
-------------------------------------------------------------------------------
/home/student/Desktop/OS/HW4/tests/os_hw4_tests (1)/tests/malloc_3_test_srealloc_cases.cpp:336
...............................................................................

/home/student/Desktop/OS/HW4/tests/os_hw4_tests (1)/tests/malloc_3_test_srealloc_cases.cpp:336: FAILED:
  {Unknown expression after the reported line}
due to a fatal error condition:
  SIGSEGV - Segmentation violation signal

===============================================================================
test cases: 1 | 1 failed
assertions: 6 | 5 passed | 1 failed

<end of output>
Test time =   0.19 sec
----------------------------------------------------------
Test Failed.
"malloc_3.srealloc case c 2" end time: Jan 21 13:50 UTC
"malloc_3.srealloc case c 2" time elapsed: 00:00:00
----------------------------------------------------------

79/88 Testing: malloc_3.srealloc case d
79/88 Test: malloc_3.srealloc case d
Command: "/home/student/Desktop/OS/HW4/tests/os_hw4_tests (1)/build/tests/malloc_3_test" "srealloc case d"
Directory: /home/student/Desktop/OS/HW4/tests/os_hw4_tests (1)/build/tests
"malloc_3.srealloc case d" start time: Jan 21 13:50 UTC
Output:
----------------------------------------------------------
Filters: srealloc case d
Randomness seeded to: 1499937690

~~~~~~~~~~~~~~~~~~~~~~~~~~~~~~~~~~~~~~~~~~~~~~~~~~~~~~~~~~~~~~~~~~~~~~~~~~~~~~~
malloc_3_test is a Catch2 v3.0.1 host application.
Run with -? for options

-------------------------------------------------------------------------------
srealloc case d
-------------------------------------------------------------------------------
/home/student/Desktop/OS/HW4/tests/os_hw4_tests (1)/tests/malloc_3_test_srealloc_cases.cpp:365
...............................................................................

/home/student/Desktop/OS/HW4/tests/os_hw4_tests (1)/tests/malloc_3_test_srealloc_cases.cpp:365: FAILED:
  {Unknown expression after the reported line}
due to a fatal error condition:
  SIGSEGV - Segmentation violation signal

===============================================================================
test cases: 1 | 1 failed
assertions: 6 | 5 passed | 1 failed

<end of output>
Test time =   0.19 sec
----------------------------------------------------------
Test Failed.
"malloc_3.srealloc case d" end time: Jan 21 13:50 UTC
"malloc_3.srealloc case d" time elapsed: 00:00:00
----------------------------------------------------------

80/88 Testing: malloc_3.srealloc case d metadata
80/88 Test: malloc_3.srealloc case d metadata
Command: "/home/student/Desktop/OS/HW4/tests/os_hw4_tests (1)/build/tests/malloc_3_test" "srealloc case d metadata"
Directory: /home/student/Desktop/OS/HW4/tests/os_hw4_tests (1)/build/tests
"malloc_3.srealloc case d metadata" start time: Jan 21 13:50 UTC
Output:
----------------------------------------------------------
Filters: srealloc case d metadata
Randomness seeded to: 309854689

~~~~~~~~~~~~~~~~~~~~~~~~~~~~~~~~~~~~~~~~~~~~~~~~~~~~~~~~~~~~~~~~~~~~~~~~~~~~~~~
malloc_3_test is a Catch2 v3.0.1 host application.
Run with -? for options

-------------------------------------------------------------------------------
srealloc case d metadata
-------------------------------------------------------------------------------
/home/student/Desktop/OS/HW4/tests/os_hw4_tests (1)/tests/malloc_3_test_srealloc_cases.cpp:407
...............................................................................

/home/student/Desktop/OS/HW4/tests/os_hw4_tests (1)/tests/malloc_3_test_srealloc_cases.cpp:407: FAILED:
  {Unknown expression after the reported line}
due to a fatal error condition:
  SIGSEGV - Segmentation violation signal

===============================================================================
test cases: 1 | 1 failed
assertions: 6 | 5 passed | 1 failed

<end of output>
Test time =   0.19 sec
----------------------------------------------------------
Test Failed.
"malloc_3.srealloc case d metadata" end time: Jan 21 13:50 UTC
"malloc_3.srealloc case d metadata" time elapsed: 00:00:00
----------------------------------------------------------

81/88 Testing: malloc_3.srealloc case d split
81/88 Test: malloc_3.srealloc case d split
Command: "/home/student/Desktop/OS/HW4/tests/os_hw4_tests (1)/build/tests/malloc_3_test" "srealloc case d split"
Directory: /home/student/Desktop/OS/HW4/tests/os_hw4_tests (1)/build/tests
"malloc_3.srealloc case d split" start time: Jan 21 13:50 UTC
Output:
----------------------------------------------------------
Filters: srealloc case d split
Randomness seeded to: 2762075231

~~~~~~~~~~~~~~~~~~~~~~~~~~~~~~~~~~~~~~~~~~~~~~~~~~~~~~~~~~~~~~~~~~~~~~~~~~~~~~~
malloc_3_test is a Catch2 v3.0.1 host application.
Run with -? for options

-------------------------------------------------------------------------------
srealloc case d split
-------------------------------------------------------------------------------
/home/student/Desktop/OS/HW4/tests/os_hw4_tests (1)/tests/malloc_3_test_srealloc_cases.cpp:442
...............................................................................

/home/student/Desktop/OS/HW4/tests/os_hw4_tests (1)/tests/malloc_3_test_srealloc_cases.cpp:442: FAILED:
  {Unknown expression after the reported line}
due to a fatal error condition:
  SIGSEGV - Segmentation violation signal

===============================================================================
test cases: 1 | 1 failed
assertions: 6 | 5 passed | 1 failed

<end of output>
Test time =   0.19 sec
----------------------------------------------------------
Test Failed.
"malloc_3.srealloc case d split" end time: Jan 21 13:50 UTC
"malloc_3.srealloc case d split" time elapsed: 00:00:00
----------------------------------------------------------

82/88 Testing: malloc_3.srealloc case e
82/88 Test: malloc_3.srealloc case e
Command: "/home/student/Desktop/OS/HW4/tests/os_hw4_tests (1)/build/tests/malloc_3_test" "srealloc case e"
Directory: /home/student/Desktop/OS/HW4/tests/os_hw4_tests (1)/build/tests
"malloc_3.srealloc case e" start time: Jan 21 13:50 UTC
Output:
----------------------------------------------------------
Filters: srealloc case e
Randomness seeded to: 1994853537

~~~~~~~~~~~~~~~~~~~~~~~~~~~~~~~~~~~~~~~~~~~~~~~~~~~~~~~~~~~~~~~~~~~~~~~~~~~~~~~
malloc_3_test is a Catch2 v3.0.1 host application.
Run with -? for options

-------------------------------------------------------------------------------
srealloc case e
-------------------------------------------------------------------------------
/home/student/Desktop/OS/HW4/tests/os_hw4_tests (1)/tests/malloc_3_test_srealloc_cases.cpp:478
...............................................................................

/home/student/Desktop/OS/HW4/tests/os_hw4_tests (1)/tests/malloc_3_test_srealloc_cases.cpp:478: FAILED:
  {Unknown expression after the reported line}
due to a fatal error condition:
  SIGSEGV - Segmentation violation signal

===============================================================================
test cases: 1 | 1 failed
assertions: 6 | 5 passed | 1 failed

<end of output>
Test time =   0.20 sec
----------------------------------------------------------
Test Failed.
"malloc_3.srealloc case e" end time: Jan 21 13:50 UTC
"malloc_3.srealloc case e" time elapsed: 00:00:00
----------------------------------------------------------

83/88 Testing: malloc_3.srealloc case e no pad
83/88 Test: malloc_3.srealloc case e no pad
Command: "/home/student/Desktop/OS/HW4/tests/os_hw4_tests (1)/build/tests/malloc_3_test" "srealloc case e no pad"
Directory: /home/student/Desktop/OS/HW4/tests/os_hw4_tests (1)/build/tests
"malloc_3.srealloc case e no pad" start time: Jan 21 13:50 UTC
Output:
----------------------------------------------------------
Filters: srealloc case e no pad
Randomness seeded to: 2049005783

~~~~~~~~~~~~~~~~~~~~~~~~~~~~~~~~~~~~~~~~~~~~~~~~~~~~~~~~~~~~~~~~~~~~~~~~~~~~~~~
malloc_3_test is a Catch2 v3.0.1 host application.
Run with -? for options

-------------------------------------------------------------------------------
srealloc case e no pad
-------------------------------------------------------------------------------
/home/student/Desktop/OS/HW4/tests/os_hw4_tests (1)/tests/malloc_3_test_srealloc_cases.cpp:521
...............................................................................

/home/student/Desktop/OS/HW4/tests/os_hw4_tests (1)/tests/malloc_3_test_srealloc_cases.cpp:521: FAILED:
  {Unknown expression after the reported line}
due to a fatal error condition:
  SIGSEGV - Segmentation violation signal

===============================================================================
test cases: 1 | 1 failed
assertions: 6 | 5 passed | 1 failed

<end of output>
Test time =   0.20 sec
----------------------------------------------------------
Test Failed.
"malloc_3.srealloc case e no pad" end time: Jan 21 13:50 UTC
"malloc_3.srealloc case e no pad" time elapsed: 00:00:00
----------------------------------------------------------

84/88 Testing: malloc_3.srealloc case e split
84/88 Test: malloc_3.srealloc case e split
Command: "/home/student/Desktop/OS/HW4/tests/os_hw4_tests (1)/build/tests/malloc_3_test" "srealloc case e split"
Directory: /home/student/Desktop/OS/HW4/tests/os_hw4_tests (1)/build/tests
"malloc_3.srealloc case e split" start time: Jan 21 13:50 UTC
Output:
----------------------------------------------------------
Filters: srealloc case e split
Randomness seeded to: 3781948173

~~~~~~~~~~~~~~~~~~~~~~~~~~~~~~~~~~~~~~~~~~~~~~~~~~~~~~~~~~~~~~~~~~~~~~~~~~~~~~~
malloc_3_test is a Catch2 v3.0.1 host application.
Run with -? for options

-------------------------------------------------------------------------------
srealloc case e split
-------------------------------------------------------------------------------
/home/student/Desktop/OS/HW4/tests/os_hw4_tests (1)/tests/malloc_3_test_srealloc_cases.cpp:561
...............................................................................

/home/student/Desktop/OS/HW4/tests/os_hw4_tests (1)/tests/malloc_3_test_srealloc_cases.cpp:561: FAILED:
  {Unknown expression after the reported line}
due to a fatal error condition:
  SIGSEGV - Segmentation violation signal

===============================================================================
test cases: 1 | 1 failed
assertions: 6 | 5 passed | 1 failed

<end of output>
Test time =   0.21 sec
----------------------------------------------------------
Test Failed.
"malloc_3.srealloc case e split" end time: Jan 21 13:50 UTC
"malloc_3.srealloc case e split" time elapsed: 00:00:00
----------------------------------------------------------

85/88 Testing: malloc_3.srealloc case fi
85/88 Test: malloc_3.srealloc case fi
Command: "/home/student/Desktop/OS/HW4/tests/os_hw4_tests (1)/build/tests/malloc_3_test" "srealloc case fi"
Directory: /home/student/Desktop/OS/HW4/tests/os_hw4_tests (1)/build/tests
"malloc_3.srealloc case fi" start time: Jan 21 13:50 UTC
Output:
----------------------------------------------------------
Filters: srealloc case fi
Randomness seeded to: 2697753825

~~~~~~~~~~~~~~~~~~~~~~~~~~~~~~~~~~~~~~~~~~~~~~~~~~~~~~~~~~~~~~~~~~~~~~~~~~~~~~~
malloc_3_test is a Catch2 v3.0.1 host application.
Run with -? for options

-------------------------------------------------------------------------------
srealloc case fi
-------------------------------------------------------------------------------
/home/student/Desktop/OS/HW4/tests/os_hw4_tests (1)/tests/malloc_3_test_srealloc_cases.cpp:605
...............................................................................

/home/student/Desktop/OS/HW4/tests/os_hw4_tests (1)/tests/malloc_3_test_srealloc_cases.cpp:605: FAILED:
  {Unknown expression after the reported line}
due to a fatal error condition:
  SIGSEGV - Segmentation violation signal

===============================================================================
test cases: 1 | 1 failed
assertions: 6 | 5 passed | 1 failed

<end of output>
Test time =   0.19 sec
----------------------------------------------------------
Test Failed.
"malloc_3.srealloc case fi" end time: Jan 21 13:50 UTC
"malloc_3.srealloc case fi" time elapsed: 00:00:00
----------------------------------------------------------

86/88 Testing: malloc_3.srealloc case fii
86/88 Test: malloc_3.srealloc case fii
Command: "/home/student/Desktop/OS/HW4/tests/os_hw4_tests (1)/build/tests/malloc_3_test" "srealloc case fii"
Directory: /home/student/Desktop/OS/HW4/tests/os_hw4_tests (1)/build/tests
"malloc_3.srealloc case fii" start time: Jan 21 13:50 UTC
Output:
----------------------------------------------------------
Filters: srealloc case fii
Randomness seeded to: 2243377959

~~~~~~~~~~~~~~~~~~~~~~~~~~~~~~~~~~~~~~~~~~~~~~~~~~~~~~~~~~~~~~~~~~~~~~~~~~~~~~~
malloc_3_test is a Catch2 v3.0.1 host application.
Run with -? for options

-------------------------------------------------------------------------------
srealloc case fii
-------------------------------------------------------------------------------
/home/student/Desktop/OS/HW4/tests/os_hw4_tests (1)/tests/malloc_3_test_srealloc_cases.cpp:645
...............................................................................

/home/student/Desktop/OS/HW4/tests/os_hw4_tests (1)/tests/malloc_3_test_srealloc_cases.cpp:645: FAILED:
  {Unknown expression after the reported line}
due to a fatal error condition:
  SIGSEGV - Segmentation violation signal

===============================================================================
test cases: 1 | 1 failed
assertions: 6 | 5 passed | 1 failed

<end of output>
Test time =   0.21 sec
----------------------------------------------------------
Test Failed.
"malloc_3.srealloc case fii" end time: Jan 21 13:50 UTC
"malloc_3.srealloc case fii" time elapsed: 00:00:00
----------------------------------------------------------

87/88 Testing: malloc_3.srealloc case g
87/88 Test: malloc_3.srealloc case g
Command: "/home/student/Desktop/OS/HW4/tests/os_hw4_tests (1)/build/tests/malloc_3_test" "srealloc case g"
Directory: /home/student/Desktop/OS/HW4/tests/os_hw4_tests (1)/build/tests
"malloc_3.srealloc case g" start time: Jan 21 13:50 UTC
Output:
----------------------------------------------------------
Filters: srealloc case g
Randomness seeded to: 1880122308

~~~~~~~~~~~~~~~~~~~~~~~~~~~~~~~~~~~~~~~~~~~~~~~~~~~~~~~~~~~~~~~~~~~~~~~~~~~~~~~
malloc_3_test is a Catch2 v3.0.1 host application.
Run with -? for options

-------------------------------------------------------------------------------
srealloc case g
-------------------------------------------------------------------------------
/home/student/Desktop/OS/HW4/tests/os_hw4_tests (1)/tests/malloc_3_test_srealloc_cases.cpp:688
...............................................................................

/home/student/Desktop/OS/HW4/tests/os_hw4_tests (1)/tests/malloc_3_test_srealloc_cases.cpp:688: FAILED:
  {Unknown expression after the reported line}
due to a fatal error condition:
  SIGSEGV - Segmentation violation signal

===============================================================================
test cases: 1 | 1 failed
assertions: 6 | 5 passed | 1 failed

<end of output>
Test time =   0.20 sec
----------------------------------------------------------
Test Failed.
"malloc_3.srealloc case g" end time: Jan 21 13:50 UTC
"malloc_3.srealloc case g" time elapsed: 00:00:00
----------------------------------------------------------

88/88 Testing: malloc_3.srealloc case h
88/88 Test: malloc_3.srealloc case h
Command: "/home/student/Desktop/OS/HW4/tests/os_hw4_tests (1)/build/tests/malloc_3_test" "srealloc case h"
Directory: /home/student/Desktop/OS/HW4/tests/os_hw4_tests (1)/build/tests
"malloc_3.srealloc case h" start time: Jan 21 13:50 UTC
Output:
----------------------------------------------------------
Filters: srealloc case h
Randomness seeded to: 843161789

~~~~~~~~~~~~~~~~~~~~~~~~~~~~~~~~~~~~~~~~~~~~~~~~~~~~~~~~~~~~~~~~~~~~~~~~~~~~~~~
malloc_3_test is a Catch2 v3.0.1 host application.
Run with -? for options

-------------------------------------------------------------------------------
srealloc case h
-------------------------------------------------------------------------------
/home/student/Desktop/OS/HW4/tests/os_hw4_tests (1)/tests/malloc_3_test_srealloc_cases.cpp:732
...............................................................................

/home/student/Desktop/OS/HW4/tests/os_hw4_tests (1)/tests/malloc_3_test_srealloc_cases.cpp:732: FAILED:
  {Unknown expression after the reported line}
due to a fatal error condition:
  SIGSEGV - Segmentation violation signal

===============================================================================
test cases: 1 | 1 failed
assertions: 6 | 5 passed | 1 failed

<end of output>
Test time =   0.21 sec
----------------------------------------------------------
Test Failed.
"malloc_3.srealloc case h" end time: Jan 21 13:50 UTC
"malloc_3.srealloc case h" time elapsed: 00:00:00
----------------------------------------------------------

End testing: Jan 21 13:50 UTC
